Arguments: 
  C:\Program Files\nodejs\node.exe C:\Users\hello\.node\corepack\yarn\1.22.19\bin\yarn.js add @walletconnect

PATH: 
  C:\Users\hello\bin;C:\Program Files\Git\mingw64\bin;C:\Program Files\Git\usr\local\bin;C:\Program Files\Git\usr\bin;C:\Program Files\Git\usr\bin;C:\Program Files\Git\mingw64\bin;C:\Program Files\Git\usr\bin;C:\Users\hello\bin;C:\Python310\Scripts;C:\Python310;C:\Windows\system32;C:\Windows;C:\Windows\System32\Wbem;C:\Windows\System32\WindowsPowerShell\v1.0;C:\Windows\System32\OpenSSH;C:\Program Files\nodejs;C:\ProgramData\chocolatey\bin;C:\Program Files\Docker\Docker\resources\bin;C:\ProgramData\DockerDesktop\version-bin;C:\Program Files\GitHub CLI;C:\Mongo\mongodb-database-tools-bin;C:\Program Files\dotnet;C:\Program Files\Git\cmd;C:\Users\hello\AppData\Local\Microsoft\WindowsApps;C:\Users\hello\AppData\Local\Programs\Microsoft VS Code\bin;C:\Users\hello\AppData\Roaming\npm;C:\Users\hello\AppData\Local\Programs\Hyper\resources\bin;C:\Program Files\Git\usr\bin\vendor_perl;C:\Program Files\Git\usr\bin\core_perl

Yarn version: 
  1.22.19

Node version: 
  16.17.1

Platform: 
  win32 x64

Trace: 
  Error: https://registry.yarnpkg.com/@walletconnect: Request "https://registry.yarnpkg.com/@walletconnect" returned a 405
      at Request.params.callback [as _callback] (C:\Users\hello\.node\corepack\yarn\1.22.19\lib\cli.js:66154:18)
      at Request.self.callback (C:\Users\hello\.node\corepack\yarn\1.22.19\lib\cli.js:140890:22)
      at Request.emit (node:events:513:28)
      at Request.<anonymous> (C:\Users\hello\.node\corepack\yarn\1.22.19\lib\cli.js:141862:10)
      at Request.emit (node:events:513:28)
      at IncomingMessage.<anonymous> (C:\Users\hello\.node\corepack\yarn\1.22.19\lib\cli.js:141784:12)
      at Object.onceWrapper (node:events:627:28)
      at IncomingMessage.emit (node:events:525:35)
      at endReadableNT (node:internal/streams/readable:1358:12)
      at processTicksAndRejections (node:internal/process/task_queues:83:21)

npm manifest: 
  {
    "name": "siwr-starter-pack",
    "version": "1.0.0",
    "description": "A starter package to help aspiring developers to get a foothold developing on the Ronin Network.",
    "main": "index.js",
    "author": "w0nd3r",
    "license": "MIT",
    "dependencies": {
      "@chakra-ui/react": "^2.5.1",
      "@emotion/react": "^11.10.6",
      "@emotion/styled": "^11.10.6",
      "axios": "^1.3.4",
      "bcryptjs": "^2.4.3",
      "ethers": "^6.1.0",
      "framer-motion": "^10.2.4",
      "mongoose": "^7.0.1",
      "next": "^13.2.4",
      "next-auth": "^4.20.1",
      "react": "^18.2.0",
      "react-dom": "^18.2.0",
      "typescript": "^4.9.5",
      "uuid": "^9.0.0"
    },
    "scripts": {
      "dev": "next dev",
      "build": "next build",
      "start": "next start"
    },
    "devDependencies": {
      "@types/react": "18.0.28"
    }
  }

yarn manifest: 
  No manifest

Lockfile: 
  # THIS IS AN AUTOGENERATED FILE. DO NOT EDIT THIS FILE DIRECTLY.
  # yarn lockfile v1
  
  
  "@adraffy/ens-normalize@1.8.9":
    version "1.8.9"
    resolved "https://registry.yarnpkg.com/@adraffy/ens-normalize/-/ens-normalize-1.8.9.tgz#67b3acadebbb551669c9a1da15fac951db795b85"
    integrity sha512-93OmGCV0vO8+JQ3FHG+gZk/MPHzzMPDRiCiFcCQNTCnHaaxsacO3ScTPGlu2wX2dOtgfalbchPcw1cOYYjHCYQ==
  
  "@babel/code-frame@^7.0.0":
    version "7.18.6"
    resolved "https://registry.yarnpkg.com/@babel/code-frame/-/code-frame-7.18.6.tgz#3b25d38c89600baa2dcc219edfa88a74eb2c427a"
    integrity sha512-TDCmlK5eOvH+eH7cdAFlNXeVJqWIQ7gW9tY1GJIpUtFb6CmjVyq2VM3u71bOyR8CRihcCgMUYoDNyLXao3+70Q==
    dependencies:
      "@babel/highlight" "^7.18.6"
  
  "@babel/helper-module-imports@^7.16.7":
    version "7.18.6"
    resolved "https://registry.yarnpkg.com/@babel/helper-module-imports/-/helper-module-imports-7.18.6.tgz#1e3ebdbbd08aad1437b428c50204db13c5a3ca6e"
    integrity sha512-0NFvs3VkuSYbFi1x2Vd6tKrywq+z/cLeYC/RJNFrIX/30Bf5aiGYbtvGXolEktzJH8o5E5KJ3tT+nkxuuZFVlA==
    dependencies:
      "@babel/types" "^7.18.6"
  
  "@babel/helper-string-parser@^7.19.4":
    version "7.19.4"
    resolved "https://registry.yarnpkg.com/@babel/helper-string-parser/-/helper-string-parser-7.19.4.tgz#38d3acb654b4701a9b77fb0615a96f775c3a9e63"
    integrity sha512-nHtDoQcuqFmwYNYPz3Rah5ph2p8PFeFCsZk9A/48dPc/rGocJ5J3hAAZ7pb76VWX3fZKu+uEr/FhH5jLx7umrw==
  
  "@babel/helper-validator-identifier@^7.18.6", "@babel/helper-validator-identifier@^7.19.1":
    version "7.19.1"
    resolved "https://registry.yarnpkg.com/@babel/helper-validator-identifier/-/helper-validator-identifier-7.19.1.tgz#7eea834cf32901ffdc1a7ee555e2f9c27e249ca2"
    integrity sha512-awrNfaMtnHUr653GgGEs++LlAvW6w+DcPrOliSMXWCKo597CwL5Acf/wWdNkf/tfEQE3mjkeD1YOVZOUV/od1w==
  
  "@babel/highlight@^7.18.6":
    version "7.18.6"
    resolved "https://registry.yarnpkg.com/@babel/highlight/-/highlight-7.18.6.tgz#81158601e93e2563795adcbfbdf5d64be3f2ecdf"
    integrity sha512-u7stbOuYjaPezCuLj29hNW1v64M2Md2qupEKP1fHc7WdOA3DgLh37suiSrZYY7haUB7iBeQZ9P1uiRF359do3g==
    dependencies:
      "@babel/helper-validator-identifier" "^7.18.6"
      chalk "^2.0.0"
      js-tokens "^4.0.0"
  
  "@babel/runtime@^7.0.0", "@babel/runtime@^7.12.13", "@babel/runtime@^7.12.5", "@babel/runtime@^7.18.3", "@babel/runtime@^7.20.13":
    version "7.21.0"
    resolved "https://registry.yarnpkg.com/@babel/runtime/-/runtime-7.21.0.tgz#5b55c9d394e5fcf304909a8b00c07dc217b56673"
    integrity sha512-xwII0//EObnq89Ji5AKYQaRYiW/nZ3llSv29d49IuxPhKbtJoLP+9QUUZ4nVragQVtaVGeZrpB+ZtG/Pdy/POw==
    dependencies:
      regenerator-runtime "^0.13.11"
  
  "@babel/types@^7.18.6":
    version "7.21.2"
    resolved "https://registry.yarnpkg.com/@babel/types/-/types-7.21.2.tgz#92246f6e00f91755893c2876ad653db70c8310d1"
    integrity sha512-3wRZSs7jiFaB8AjxiiD+VqN5DTG2iRvJGQ+qYFrs/654lg6kGTQWIOFjlBo5RaXuAZjBmP3+OQH4dmhqiiyYxw==
    dependencies:
      "@babel/helper-string-parser" "^7.19.4"
      "@babel/helper-validator-identifier" "^7.19.1"
      to-fast-properties "^2.0.0"
  
  "@chakra-ui/accordion@2.1.9":
    version "2.1.9"
    resolved "https://registry.yarnpkg.com/@chakra-ui/accordion/-/accordion-2.1.9.tgz#20fa86d94dc034251df2f7c8595ae4dd541a29d9"
    integrity sha512-a9CKIAUHezc0f5FR/SQ4GVxnWuIb2HbDTxTEKTp58w/J9pecIbJaNrJ5TUZ0MVbDU9jkgO9RsZ29jkja8PomAw==
    dependencies:
      "@chakra-ui/descendant" "3.0.13"
      "@chakra-ui/icon" "3.0.16"
      "@chakra-ui/react-context" "2.0.7"
      "@chakra-ui/react-use-controllable-state" "2.0.8"
      "@chakra-ui/react-use-merge-refs" "2.0.7"
      "@chakra-ui/shared-utils" "2.0.5"
      "@chakra-ui/transition" "2.0.15"
  
  "@chakra-ui/alert@2.0.17":
    version "2.0.17"
    resolved "https://registry.yarnpkg.com/@chakra-ui/alert/-/alert-2.0.17.tgz#b129732ec308db6a6a1afa7c06a6595ad853c967"
    integrity sha512-0Y5vw+HkeXpwbL1roVpSSNM6luMRmUbwduUSHEA4OnX1ismvsDb1ZBfpi4Vxp6w8euJ2Uj6df3krbd5tbCP6tg==
    dependencies:
      "@chakra-ui/icon" "3.0.16"
      "@chakra-ui/react-context" "2.0.7"
      "@chakra-ui/shared-utils" "2.0.5"
      "@chakra-ui/spinner" "2.0.13"
  
  "@chakra-ui/anatomy@2.1.2":
    version "2.1.2"
    resolved "https://registry.yarnpkg.com/@chakra-ui/anatomy/-/anatomy-2.1.2.tgz#ea66b1841e7195da08ddc862daaa3f3e56e565f5"
    integrity sha512-pKfOS/mztc4sUXHNc8ypJ1gPWSolWT770jrgVRfolVbYlki8y5Y+As996zMF6k5lewTu6j9DQequ7Cc9a69IVQ==
  
  "@chakra-ui/avatar@2.2.5":
    version "2.2.5"
    resolved "https://registry.yarnpkg.com/@chakra-ui/avatar/-/avatar-2.2.5.tgz#50eb7cc5a172d394b301fa0abd5f607b7f5d3563"
    integrity sha512-TEHXuGE79+fEn61qJ7J/A0Ec+WjyNwobrDTATcLg9Zx2/WEMmZNfrWIAlI5ANQAwVbdSWeGVbyoLAK5mbcrE0A==
    dependencies:
      "@chakra-ui/image" "2.0.15"
      "@chakra-ui/react-children-utils" "2.0.6"
      "@chakra-ui/react-context" "2.0.7"
      "@chakra-ui/shared-utils" "2.0.5"
  
  "@chakra-ui/breadcrumb@2.1.4":
    version "2.1.4"
    resolved "https://registry.yarnpkg.com/@chakra-ui/breadcrumb/-/breadcrumb-2.1.4.tgz#0d249dc2a92639bd2bf46d097dd5445112bd2367"
    integrity sha512-vyBx5TAxPnHhb0b8nyRGfqyjleD//9mySFhk96c9GL+T6YDO4swHw5y/kvDv3Ngc/iRwJ9hdI49PZKwPxLqsEg==
    dependencies:
      "@chakra-ui/react-children-utils" "2.0.6"
      "@chakra-ui/react-context" "2.0.7"
      "@chakra-ui/shared-utils" "2.0.5"
  
  "@chakra-ui/breakpoint-utils@2.0.8":
    version "2.0.8"
    resolved "https://registry.yarnpkg.com/@chakra-ui/breakpoint-utils/-/breakpoint-utils-2.0.8.tgz#750d3712668b69f6e8917b45915cee0e08688eed"
    integrity sha512-Pq32MlEX9fwb5j5xx8s18zJMARNHlQZH2VH1RZgfgRDpp7DcEgtRW5AInfN5CfqdHLO1dGxA7I3MqEuL5JnIsA==
    dependencies:
      "@chakra-ui/shared-utils" "2.0.5"
  
  "@chakra-ui/button@2.0.16":
    version "2.0.16"
    resolved "https://registry.yarnpkg.com/@chakra-ui/button/-/button-2.0.16.tgz#ff315b57ee47c3511a6507fcfb6f00bb93e2ac7d"
    integrity sha512-NjuTKa7gNhnGSUutKuTc8HoAOe9WWIigpciBG7yj3ok67kg8bXtSzPyQFZlgTY6XGdAckWTT+Do4tvhwa5LA+g==
    dependencies:
      "@chakra-ui/react-context" "2.0.7"
      "@chakra-ui/react-use-merge-refs" "2.0.7"
      "@chakra-ui/shared-utils" "2.0.5"
      "@chakra-ui/spinner" "2.0.13"
  
  "@chakra-ui/card@2.1.6":
    version "2.1.6"
    resolved "https://registry.yarnpkg.com/@chakra-ui/card/-/card-2.1.6.tgz#27176bdee363ecab7d563c4997c4b2fe9e835ecc"
    integrity sha512-fFd/WAdRNVY/WOSQv4skpy0WeVhhI0f7dTY1Sm0jVl0KLmuP/GnpsWtKtqWjNcV00K963EXDyhlk6+9oxbP4gw==
    dependencies:
      "@chakra-ui/shared-utils" "2.0.5"
  
  "@chakra-ui/checkbox@2.2.10":
    version "2.2.10"
    resolved "https://registry.yarnpkg.com/@chakra-ui/checkbox/-/checkbox-2.2.10.tgz#e4f773e7d2464f1d6e9d18dd88b679290cb33171"
    integrity sha512-vzxEjw99qj7loxAdP1WuHNt4EAvj/t6cc8oxyOB2mEvkAzhxI34rLR+3zWDuHWsmhyUO+XEDh4FiWdR+DK5Siw==
    dependencies:
      "@chakra-ui/form-control" "2.0.17"
      "@chakra-ui/react-context" "2.0.7"
      "@chakra-ui/react-types" "2.0.7"
      "@chakra-ui/react-use-callback-ref" "2.0.7"
      "@chakra-ui/react-use-controllable-state" "2.0.8"
      "@chakra-ui/react-use-merge-refs" "2.0.7"
      "@chakra-ui/react-use-safe-layout-effect" "2.0.5"
      "@chakra-ui/react-use-update-effect" "2.0.7"
      "@chakra-ui/shared-utils" "2.0.5"
      "@chakra-ui/visually-hidden" "2.0.15"
      "@zag-js/focus-visible" "0.2.1"
  
  "@chakra-ui/clickable@2.0.14":
    version "2.0.14"
    resolved "https://registry.yarnpkg.com/@chakra-ui/clickable/-/clickable-2.0.14.tgz#88093008672a2a30bdd2a30ff815dcc2c88c01a5"
    integrity sha512-jfsM1qaD74ZykLHmvmsKRhDyokLUxEfL8Il1VoZMNX5RBI0xW/56vKpLTFF/v/+vLPLS+Te2cZdD4+2O+G6ulA==
    dependencies:
      "@chakra-ui/react-use-merge-refs" "2.0.7"
      "@chakra-ui/shared-utils" "2.0.5"
  
  "@chakra-ui/close-button@2.0.17":
    version "2.0.17"
    resolved "https://registry.yarnpkg.com/@chakra-ui/close-button/-/close-button-2.0.17.tgz#d43d3a2ea1f08250f8d0da7704baf0e1fbd91b4b"
    integrity sha512-05YPXk456t1Xa3KpqTrvm+7smx+95dmaPiwjiBN3p7LHUQVHJd8ZXSDB0V+WKi419k3cVQeJUdU/azDO2f40sw==
    dependencies:
      "@chakra-ui/icon" "3.0.16"
  
  "@chakra-ui/color-mode@2.1.12":
    version "2.1.12"
    resolved "https://registry.yarnpkg.com/@chakra-ui/color-mode/-/color-mode-2.1.12.tgz#c0caeadd5f87fadbeefc6826beabac6c4a88d8f5"
    integrity sha512-sYyfJGDoJSLYO+V2hxV9r033qhte5Nw/wAn5yRGGZnEEN1dKPEdWQ3XZvglWSDTNd0w9zkoH2w6vP4FBBYb/iw==
    dependencies:
      "@chakra-ui/react-use-safe-layout-effect" "2.0.5"
  
  "@chakra-ui/control-box@2.0.13":
    version "2.0.13"
    resolved "https://registry.yarnpkg.com/@chakra-ui/control-box/-/control-box-2.0.13.tgz#ffe9634d0c3aecb8e1eb7da19e64fb3d2b181d03"
    integrity sha512-FEyrU4crxati80KUF/+1Z1CU3eZK6Sa0Yv7Z/ydtz9/tvGblXW9NFanoomXAOvcIFLbaLQPPATm9Gmpr7VG05A==
  
  "@chakra-ui/counter@2.0.14":
    version "2.0.14"
    resolved "https://registry.yarnpkg.com/@chakra-ui/counter/-/counter-2.0.14.tgz#6e37a863afd2e87d7c94208245e81777640e76e2"
    integrity sha512-KxcSRfUbb94dP77xTip2myoE7P2HQQN4V5fRJmNAGbzcyLciJ+aDylUU/UxgNcEjawUp6Q242NbWb1TSbKoqog==
    dependencies:
      "@chakra-ui/number-utils" "2.0.7"
      "@chakra-ui/react-use-callback-ref" "2.0.7"
      "@chakra-ui/shared-utils" "2.0.5"
  
  "@chakra-ui/css-reset@2.0.12":
    version "2.0.12"
    resolved "https://registry.yarnpkg.com/@chakra-ui/css-reset/-/css-reset-2.0.12.tgz#6eebcbe9e971facd215e174e063ace29f647a045"
    integrity sha512-Q5OYIMvqTl2vZ947kIYxcS5DhQXeStB84BzzBd6C10wOx1gFUu9pL+jLpOnHR3hhpWRMdX5o7eT+gMJWIYUZ0Q==
  
  "@chakra-ui/descendant@3.0.13":
    version "3.0.13"
    resolved "https://registry.yarnpkg.com/@chakra-ui/descendant/-/descendant-3.0.13.tgz#e883a2233ee07fe1ae6c014567824c0f79df11cf"
    integrity sha512-9nzxZVxUSMc4xPL5fSaRkEOQjDQWUGjGvrZI7VzWk9eq63cojOtIxtWMSW383G9148PzWJjJYt30Eud5tdZzlg==
    dependencies:
      "@chakra-ui/react-context" "2.0.7"
      "@chakra-ui/react-use-merge-refs" "2.0.7"
  
  "@chakra-ui/dom-utils@2.0.6":
    version "2.0.6"
    resolved "https://registry.yarnpkg.com/@chakra-ui/dom-utils/-/dom-utils-2.0.6.tgz#68f49f3b4a0bdebd5e416d6fd2c012c9ad64b76a"
    integrity sha512-PVtDkPrDD5b8aoL6Atg7SLjkwhWb7BwMcLOF1L449L3nZN+DAO3nyAh6iUhZVJyunELj9d0r65CDlnMREyJZmA==
  
  "@chakra-ui/editable@2.0.19":
    version "2.0.19"
    resolved "https://registry.yarnpkg.com/@chakra-ui/editable/-/editable-2.0.19.tgz#1af2fe3c215111f61f7872fb5f599f4d8da24e7d"
    integrity sha512-YxRJsJ2JQd42zfPBgTKzIhg1HugT+gfQz1ZosmUN+IZT9YZXL2yodHTUz6Lee04Vc/CdEqgBFLuREXEUNBfGtA==
    dependencies:
      "@chakra-ui/react-context" "2.0.7"
      "@chakra-ui/react-types" "2.0.7"
      "@chakra-ui/react-use-callback-ref" "2.0.7"
      "@chakra-ui/react-use-controllable-state" "2.0.8"
      "@chakra-ui/react-use-focus-on-pointer-down" "2.0.6"
      "@chakra-ui/react-use-merge-refs" "2.0.7"
      "@chakra-ui/react-use-safe-layout-effect" "2.0.5"
      "@chakra-ui/react-use-update-effect" "2.0.7"
      "@chakra-ui/shared-utils" "2.0.5"
  
  "@chakra-ui/event-utils@2.0.8":
    version "2.0.8"
    resolved "https://registry.yarnpkg.com/@chakra-ui/event-utils/-/event-utils-2.0.8.tgz#e6439ba200825a2f15d8f1973d267d1c00a6d1b4"
    integrity sha512-IGM/yGUHS+8TOQrZGpAKOJl/xGBrmRYJrmbHfUE7zrG3PpQyXvbLDP1M+RggkCFVgHlJi2wpYIf0QtQlU0XZfw==
  
  "@chakra-ui/focus-lock@2.0.16":
    version "2.0.16"
    resolved "https://registry.yarnpkg.com/@chakra-ui/focus-lock/-/focus-lock-2.0.16.tgz#bfb705b565d70b2f908d7c7a27f40426ac48dff8"
    integrity sha512-UuAdGCPVrCa1lecoAvpOQD7JFT7a9RdmhKWhFt5ioIcekSLJcerdLHuuL3w0qz//8kd1/SOt7oP0aJqdAJQrCw==
    dependencies:
      "@chakra-ui/dom-utils" "2.0.6"
      react-focus-lock "^2.9.2"
  
  "@chakra-ui/form-control@2.0.17":
    version "2.0.17"
    resolved "https://registry.yarnpkg.com/@chakra-ui/form-control/-/form-control-2.0.17.tgz#2f710325e77ce35067337616d440f903b137bdd5"
    integrity sha512-34ptCaJ2LNvQNOlB6MAKsmH1AkT1xo7E+3Vw10Urr81yTOjDTM/iU6vG3JKPfRDMyXeowPjXmutlnuk72SSjRg==
    dependencies:
      "@chakra-ui/icon" "3.0.16"
      "@chakra-ui/react-context" "2.0.7"
      "@chakra-ui/react-types" "2.0.7"
      "@chakra-ui/react-use-merge-refs" "2.0.7"
      "@chakra-ui/shared-utils" "2.0.5"
  
  "@chakra-ui/hooks@2.1.6":
    version "2.1.6"
    resolved "https://registry.yarnpkg.com/@chakra-ui/hooks/-/hooks-2.1.6.tgz#4d829535868148912ef7a4ff274e03b8d1cf7c72"
    integrity sha512-oMSOeoOF6/UpwTVlDFHSROAA4hPY8WgJ0erdHs1ZkuwAwHv7UzjDkvrb6xYzAAH9qHoFzc5RIBm6jVoh3LCc+Q==
    dependencies:
      "@chakra-ui/react-utils" "2.0.12"
      "@chakra-ui/utils" "2.0.15"
      compute-scroll-into-view "1.0.20"
      copy-to-clipboard "3.3.3"
  
  "@chakra-ui/icon@3.0.16":
    version "3.0.16"
    resolved "https://registry.yarnpkg.com/@chakra-ui/icon/-/icon-3.0.16.tgz#6413ec637c0c3acc204301485f05451b5bcd6ba4"
    integrity sha512-RpA1X5Ptz8Mt39HSyEIW1wxAz2AXyf9H0JJ5HVx/dBdMZaGMDJ0HyyPBVci0m4RCoJuyG1HHG/DXJaVfUTVAeg==
    dependencies:
      "@chakra-ui/shared-utils" "2.0.5"
  
  "@chakra-ui/image@2.0.15":
    version "2.0.15"
    resolved "https://registry.yarnpkg.com/@chakra-ui/image/-/image-2.0.15.tgz#7f275f8f3edbb420e0613afd5023ad9cf442d09d"
    integrity sha512-w2rElXtI3FHXuGpMCsSklus+pO1Pl2LWDwsCGdpBQUvGFbnHfl7MftQgTlaGHeD5OS95Pxva39hKrA2VklKHiQ==
    dependencies:
      "@chakra-ui/react-use-safe-layout-effect" "2.0.5"
      "@chakra-ui/shared-utils" "2.0.5"
  
  "@chakra-ui/input@2.0.20":
    version "2.0.20"
    resolved "https://registry.yarnpkg.com/@chakra-ui/input/-/input-2.0.20.tgz#8db3ec46b52be901c94599b3659a9003bdb2dd07"
    integrity sha512-ypmsy4n4uNBVgn6Gd24Zrpi+qRf/T9WEzWkysuYC9Qfxo+i7yuf3snp7XmBy8KSGVSiXE11eO8ZN5oCg6Xg0jg==
    dependencies:
      "@chakra-ui/form-control" "2.0.17"
      "@chakra-ui/object-utils" "2.0.8"
      "@chakra-ui/react-children-utils" "2.0.6"
      "@chakra-ui/react-context" "2.0.7"
      "@chakra-ui/shared-utils" "2.0.5"
  
  "@chakra-ui/layout@2.1.16":
    version "2.1.16"
    resolved "https://registry.yarnpkg.com/@chakra-ui/layout/-/layout-2.1.16.tgz#9d90f25cf9f0537d19cd36a417f7ddc1461e8591"
    integrity sha512-QFS3feozIGsvB0H74lUocev55aRF26eNrdmhfJifwikZAiq+zzZAMdBdNU9UJhHClnMOU8/iGZ0MF7ti4zQS1A==
    dependencies:
      "@chakra-ui/breakpoint-utils" "2.0.8"
      "@chakra-ui/icon" "3.0.16"
      "@chakra-ui/object-utils" "2.0.8"
      "@chakra-ui/react-children-utils" "2.0.6"
      "@chakra-ui/react-context" "2.0.7"
      "@chakra-ui/shared-utils" "2.0.5"
  
  "@chakra-ui/lazy-utils@2.0.5":
    version "2.0.5"
    resolved "https://registry.yarnpkg.com/@chakra-ui/lazy-utils/-/lazy-utils-2.0.5.tgz#363c3fa1d421362790b416ffa595acb835e1ae5b"
    integrity sha512-UULqw7FBvcckQk2n3iPO56TMJvDsNv0FKZI6PlUNJVaGsPbsYxK/8IQ60vZgaTVPtVcjY6BE+y6zg8u9HOqpyg==
  
  "@chakra-ui/live-region@2.0.13":
    version "2.0.13"
    resolved "https://registry.yarnpkg.com/@chakra-ui/live-region/-/live-region-2.0.13.tgz#1d00a637b74372d1ee0b215c649ebd4a33893e58"
    integrity sha512-Ja+Slk6ZkxSA5oJzU2VuGU7TpZpbMb/4P4OUhIf2D30ctmIeXkxTWw1Bs1nGJAVtAPcGS5sKA+zb89i8g+0cTQ==
  
  "@chakra-ui/media-query@3.2.12":
    version "3.2.12"
    resolved "https://registry.yarnpkg.com/@chakra-ui/media-query/-/media-query-3.2.12.tgz#75e31f3c88818e687a4d90a2993286c2c3ca2453"
    integrity sha512-8pSLDf3oxxhFrhd40rs7vSeIBfvOmIKHA7DJlGUC/y+9irD24ZwgmCtFnn+y3gI47hTJsopbSX+wb8nr7XPswA==
    dependencies:
      "@chakra-ui/breakpoint-utils" "2.0.8"
      "@chakra-ui/react-env" "3.0.0"
      "@chakra-ui/shared-utils" "2.0.5"
  
  "@chakra-ui/menu@2.1.9":
    version "2.1.9"
    resolved "https://registry.yarnpkg.com/@chakra-ui/menu/-/menu-2.1.9.tgz#2f3239a9b2855fd77fc317d9e6b904c1ad50d7c6"
    integrity sha512-ue5nD4QJcl3H3UwN0zZNJmH89XUebnvEdW6THAUL41hDjJ0J/Fjpg9Sgzwug2aBbBXBNbVMsUuhcCj6x91d+IQ==
    dependencies:
      "@chakra-ui/clickable" "2.0.14"
      "@chakra-ui/descendant" "3.0.13"
      "@chakra-ui/lazy-utils" "2.0.5"
      "@chakra-ui/popper" "3.0.13"
      "@chakra-ui/react-children-utils" "2.0.6"
      "@chakra-ui/react-context" "2.0.7"
      "@chakra-ui/react-use-animation-state" "2.0.8"
      "@chakra-ui/react-use-controllable-state" "2.0.8"
      "@chakra-ui/react-use-disclosure" "2.0.8"
      "@chakra-ui/react-use-focus-effect" "2.0.9"
      "@chakra-ui/react-use-merge-refs" "2.0.7"
      "@chakra-ui/react-use-outside-click" "2.0.7"
      "@chakra-ui/react-use-update-effect" "2.0.7"
      "@chakra-ui/shared-utils" "2.0.5"
      "@chakra-ui/transition" "2.0.15"
  
  "@chakra-ui/modal@2.2.9":
    version "2.2.9"
    resolved "https://registry.yarnpkg.com/@chakra-ui/modal/-/modal-2.2.9.tgz#aad65a2c60aa974e023f8b3facc0e79eb742e006"
    integrity sha512-nTfNp7XsVwn5+xJOtstoFA8j0kq/9sJj7KesyYzjEDaMKvCZvIOntRYowoydho43jb4+YC7ebKhp0KOIINS0gg==
    dependencies:
      "@chakra-ui/close-button" "2.0.17"
      "@chakra-ui/focus-lock" "2.0.16"
      "@chakra-ui/portal" "2.0.15"
      "@chakra-ui/react-context" "2.0.7"
      "@chakra-ui/react-types" "2.0.7"
      "@chakra-ui/react-use-merge-refs" "2.0.7"
      "@chakra-ui/shared-utils" "2.0.5"
      "@chakra-ui/transition" "2.0.15"
      aria-hidden "^1.2.2"
      react-remove-scroll "^2.5.5"
  
  "@chakra-ui/number-input@2.0.18":
    version "2.0.18"
    resolved "https://registry.yarnpkg.com/@chakra-ui/number-input/-/number-input-2.0.18.tgz#072a00ef869ebafa4960cfdee8caae8208864289"
    integrity sha512-cPkyAFFHHzeFBselrT1BtjlzMkJ6TKrTDUnHFlzqXy6aqeXuhrjFhMfXucjedSpOqedsP9ZbKFTdIAhu9DdL/A==
    dependencies:
      "@chakra-ui/counter" "2.0.14"
      "@chakra-ui/form-control" "2.0.17"
      "@chakra-ui/icon" "3.0.16"
      "@chakra-ui/react-context" "2.0.7"
      "@chakra-ui/react-types" "2.0.7"
      "@chakra-ui/react-use-callback-ref" "2.0.7"
      "@chakra-ui/react-use-event-listener" "2.0.7"
      "@chakra-ui/react-use-interval" "2.0.5"
      "@chakra-ui/react-use-merge-refs" "2.0.7"
      "@chakra-ui/react-use-safe-layout-effect" "2.0.5"
      "@chakra-ui/react-use-update-effect" "2.0.7"
      "@chakra-ui/shared-utils" "2.0.5"
  
  "@chakra-ui/number-utils@2.0.7":
    version "2.0.7"
    resolved "https://registry.yarnpkg.com/@chakra-ui/number-utils/-/number-utils-2.0.7.tgz#aaee979ca2fb1923a0373a91619473811315db11"
    integrity sha512-yOGxBjXNvLTBvQyhMDqGU0Oj26s91mbAlqKHiuw737AXHt0aPllOthVUqQMeaYLwLCjGMg0jtI7JReRzyi94Dg==
  
  "@chakra-ui/object-utils@2.0.8":
    version "2.0.8"
    resolved "https://registry.yarnpkg.com/@chakra-ui/object-utils/-/object-utils-2.0.8.tgz#307f927f6434f99feb32ba92bdf451a6b59a6199"
    integrity sha512-2upjT2JgRuiupdrtBWklKBS6tqeGMA77Nh6Q0JaoQuH/8yq+15CGckqn3IUWkWoGI0Fg3bK9LDlbbD+9DLw95Q==
  
  "@chakra-ui/pin-input@2.0.19":
    version "2.0.19"
    resolved "https://registry.yarnpkg.com/@chakra-ui/pin-input/-/pin-input-2.0.19.tgz#f9b196174f0518feec5c1ee3fcaf2134c301148a"
    integrity sha512-6O7s4vWz4cqQ6zvMov9sYj6ZqWAsTxR/MNGe3DNgu1zWQg8veNCYtj1rNGhNS3eZNUMAa8uM2dXIphGTP53Xow==
    dependencies:
      "@chakra-ui/descendant" "3.0.13"
      "@chakra-ui/react-children-utils" "2.0.6"
      "@chakra-ui/react-context" "2.0.7"
      "@chakra-ui/react-use-controllable-state" "2.0.8"
      "@chakra-ui/react-use-merge-refs" "2.0.7"
      "@chakra-ui/shared-utils" "2.0.5"
  
  "@chakra-ui/popover@2.1.8":
    version "2.1.8"
    resolved "https://registry.yarnpkg.com/@chakra-ui/popover/-/popover-2.1.8.tgz#e906ce0533693d735b6e13a3a6ffe16d8e0a9ab4"
    integrity sha512-ob7fAz+WWmXIq7iGHVB3wDKzZTj+T+noYBT/U1Q+jIf+jMr2WOpJLTfb0HTZcfhvn4EBFlfBg7Wk5qbXNaOn7g==
    dependencies:
      "@chakra-ui/close-button" "2.0.17"
      "@chakra-ui/lazy-utils" "2.0.5"
      "@chakra-ui/popper" "3.0.13"
      "@chakra-ui/react-context" "2.0.7"
      "@chakra-ui/react-types" "2.0.7"
      "@chakra-ui/react-use-animation-state" "2.0.8"
      "@chakra-ui/react-use-disclosure" "2.0.8"
      "@chakra-ui/react-use-focus-effect" "2.0.9"
      "@chakra-ui/react-use-focus-on-pointer-down" "2.0.6"
      "@chakra-ui/react-use-merge-refs" "2.0.7"
      "@chakra-ui/shared-utils" "2.0.5"
  
  "@chakra-ui/popper@3.0.13":
    version "3.0.13"
    resolved "https://registry.yarnpkg.com/@chakra-ui/popper/-/popper-3.0.13.tgz#914a90e9ae2b83d39a0f40a5454267f1266a2cb6"
    integrity sha512-FwtmYz80Ju8oK3Z1HQfisUE7JIMmDsCQsRBu6XuJ3TFQnBHit73yjZmxKjuRJ4JgyT4WBnZoTF3ATbRKSagBeg==
    dependencies:
      "@chakra-ui/react-types" "2.0.7"
      "@chakra-ui/react-use-merge-refs" "2.0.7"
      "@popperjs/core" "^2.9.3"
  
  "@chakra-ui/portal@2.0.15":
    version "2.0.15"
    resolved "https://registry.yarnpkg.com/@chakra-ui/portal/-/portal-2.0.15.tgz#21e1f97c4407fc15df8c365cb5cf799dac73ce41"
    integrity sha512-z8v7K3j1/nMuBzp2+wRIIw7s/eipVtnXLdjK5yqbMxMRa44E8Mu5VNJLz3aQFLHXEUST+ifqrjImQeli9do6LQ==
    dependencies:
      "@chakra-ui/react-context" "2.0.7"
      "@chakra-ui/react-use-safe-layout-effect" "2.0.5"
  
  "@chakra-ui/progress@2.1.5":
    version "2.1.5"
    resolved "https://registry.yarnpkg.com/@chakra-ui/progress/-/progress-2.1.5.tgz#eb6a47adf2bff93971262d163461d390782a04ff"
    integrity sha512-jj5Vp4lxUchuwp4RPCepM0yAyKi344bgsOd3Apd+ldxclDcewPc82fbwDu7g/Xv27LqJkT+7E/SlQy04wGrk0g==
    dependencies:
      "@chakra-ui/react-context" "2.0.7"
  
  "@chakra-ui/provider@2.1.2":
    version "2.1.2"
    resolved "https://registry.yarnpkg.com/@chakra-ui/provider/-/provider-2.1.2.tgz#b025cb718826b003b3c9535b6961e8f3be70ebd5"
    integrity sha512-4lLlz8QuJv00BhfyKzWpzfoti9MDOdJ/MqXixJV/EZ02RMBOdE9qy9bSz/WckPC2MVhtRUuwMkxH+0QY21PXuw==
    dependencies:
      "@chakra-ui/css-reset" "2.0.12"
      "@chakra-ui/portal" "2.0.15"
      "@chakra-ui/react-env" "3.0.0"
      "@chakra-ui/system" "2.5.1"
      "@chakra-ui/utils" "2.0.15"
  
  "@chakra-ui/radio@2.0.19":
    version "2.0.19"
    resolved "https://registry.yarnpkg.com/@chakra-ui/radio/-/radio-2.0.19.tgz#8d5c02eae8eddbced4476b1b50921ade62f0a744"
    integrity sha512-PlJiV59eGSmeKP4v/4+ccQUWGRd0cjPKkj/p3L+UbOf8pl9dWm8y9kIeL5TYbghQSDv0nzkrH4+yMnnDTZjdMQ==
    dependencies:
      "@chakra-ui/form-control" "2.0.17"
      "@chakra-ui/react-context" "2.0.7"
      "@chakra-ui/react-types" "2.0.7"
      "@chakra-ui/react-use-merge-refs" "2.0.7"
      "@chakra-ui/shared-utils" "2.0.5"
      "@zag-js/focus-visible" "0.2.1"
  
  "@chakra-ui/react-children-utils@2.0.6":
    version "2.0.6"
    resolved "https://registry.yarnpkg.com/@chakra-ui/react-children-utils/-/react-children-utils-2.0.6.tgz#6c480c6a60678fcb75cb7d57107c7a79e5179b92"
    integrity sha512-QVR2RC7QsOsbWwEnq9YduhpqSFnZGvjjGREV8ygKi8ADhXh93C8azLECCUVgRJF2Wc+So1fgxmjLcbZfY2VmBA==
  
  "@chakra-ui/react-context@2.0.7":
    version "2.0.7"
    resolved "https://registry.yarnpkg.com/@chakra-ui/react-context/-/react-context-2.0.7.tgz#f79a2b072d04d4280ec8799dc03a8a1af521ca2e"
    integrity sha512-i7EGmSU+h2GB30cwrKB4t1R5BMHyGoJM5L2Zz7b+ZUX4aAqyPcfe97wPiQB6Rgr1ImGXrUeov4CDVrRZ2FPgLQ==
  
  "@chakra-ui/react-env@3.0.0":
    version "3.0.0"
    resolved "https://registry.yarnpkg.com/@chakra-ui/react-env/-/react-env-3.0.0.tgz#2c3c9dc0e529b9b474a386a2b24988317b2a0811"
    integrity sha512-tfMRO2v508HQWAqSADFrwZgR9oU10qC97oV6zGbjHh9ALP0/IcFR+Bi71KRTveDTm85fMeAzZYGj57P3Dsipkw==
    dependencies:
      "@chakra-ui/react-use-safe-layout-effect" "2.0.5"
  
  "@chakra-ui/react-types@2.0.7":
    version "2.0.7"
    resolved "https://registry.yarnpkg.com/@chakra-ui/react-types/-/react-types-2.0.7.tgz#799c166a44882b23059c8f510eac9bd5d0869ac4"
    integrity sha512-12zv2qIZ8EHwiytggtGvo4iLT0APris7T0qaAWqzpUGS0cdUtR8W+V1BJ5Ocq+7tA6dzQ/7+w5hmXih61TuhWQ==
  
  "@chakra-ui/react-use-animation-state@2.0.8":
    version "2.0.8"
    resolved "https://registry.yarnpkg.com/@chakra-ui/react-use-animation-state/-/react-use-animation-state-2.0.8.tgz#544ef3007498d4a0629b9d1916056ddaf59aa286"
    integrity sha512-xv9zSF2Rd1mHWQ+m5DLBWeh4atF8qrNvsOs3MNrvxKYBS3f79N3pqcQGrWAEvirXWXfiCeje2VAkEggqFRIo+Q==
    dependencies:
      "@chakra-ui/dom-utils" "2.0.6"
      "@chakra-ui/react-use-event-listener" "2.0.7"
  
  "@chakra-ui/react-use-callback-ref@2.0.7":
    version "2.0.7"
    resolved "https://registry.yarnpkg.com/@chakra-ui/react-use-callback-ref/-/react-use-callback-ref-2.0.7.tgz#9b844a81037d0ecaaa8031979fa050165635e211"
    integrity sha512-YjT76nTpfHAK5NxplAlZsQwNju5KmQExnqsWNPFeOR6vvbC34+iPSTr+r91i1Hdy7gBSbevsOsd5Wm6RN3GuMw==
  
  "@chakra-ui/react-use-controllable-state@2.0.8":
    version "2.0.8"
    resolved "https://registry.yarnpkg.com/@chakra-ui/react-use-controllable-state/-/react-use-controllable-state-2.0.8.tgz#6b71187e03be632c244dde9f16ed685428087ec9"
    integrity sha512-F7rdCbLEmRjwwODqWZ3y+mKgSSHPcLQxeUygwk1BkZPXbKkJJKymOIjIynil2cbH7ku3hcSIWRvuhpCcfQWJ7Q==
    dependencies:
      "@chakra-ui/react-use-callback-ref" "2.0.7"
  
  "@chakra-ui/react-use-disclosure@2.0.8":
    version "2.0.8"
    resolved "https://registry.yarnpkg.com/@chakra-ui/react-use-disclosure/-/react-use-disclosure-2.0.8.tgz#e0e0445afc6d6d96bb262b99751e675034c31497"
    integrity sha512-2ir/mHe1YND40e+FyLHnDsnDsBQPwzKDLzfe9GZri7y31oU83JSbHdlAXAhp3bpjohslwavtRCp+S/zRxfO9aQ==
    dependencies:
      "@chakra-ui/react-use-callback-ref" "2.0.7"
  
  "@chakra-ui/react-use-event-listener@2.0.7":
    version "2.0.7"
    resolved "https://registry.yarnpkg.com/@chakra-ui/react-use-event-listener/-/react-use-event-listener-2.0.7.tgz#ed08164164e79183d876eeb71e12c6bfaca3ad17"
    integrity sha512-4wvpx4yudIO3B31pOrXuTHDErawmwiXnvAN7gLEOVREi16+YGNcFnRJ5X5nRrmB7j2MDUtsEDpRBFfw5Z9xQ5g==
    dependencies:
      "@chakra-ui/react-use-callback-ref" "2.0.7"
  
  "@chakra-ui/react-use-focus-effect@2.0.9":
    version "2.0.9"
    resolved "https://registry.yarnpkg.com/@chakra-ui/react-use-focus-effect/-/react-use-focus-effect-2.0.9.tgz#9f94c0cb54e6e14ac9f048ca4d32a1fdcea067c1"
    integrity sha512-20nfNkpbVwyb41q9wxp8c4jmVp6TUGAPE3uFTDpiGcIOyPW5aecQtPmTXPMJH+2aa8Nu1wyoT1btxO+UYiQM3g==
    dependencies:
      "@chakra-ui/dom-utils" "2.0.6"
      "@chakra-ui/react-use-event-listener" "2.0.7"
      "@chakra-ui/react-use-safe-layout-effect" "2.0.5"
      "@chakra-ui/react-use-update-effect" "2.0.7"
  
  "@chakra-ui/react-use-focus-on-pointer-down@2.0.6":
    version "2.0.6"
    resolved "https://registry.yarnpkg.com/@chakra-ui/react-use-focus-on-pointer-down/-/react-use-focus-on-pointer-down-2.0.6.tgz#13330eb518c17e591c908cb8f4a30d43a978e3f2"
    integrity sha512-OigXiLRVySn3tyVqJ/rn57WGuukW8TQe8fJYiLwXbcNyAMuYYounvRxvCy2b53sQ7QIZamza0N0jhirbH5FNoQ==
    dependencies:
      "@chakra-ui/react-use-event-listener" "2.0.7"
  
  "@chakra-ui/react-use-interval@2.0.5":
    version "2.0.5"
    resolved "https://registry.yarnpkg.com/@chakra-ui/react-use-interval/-/react-use-interval-2.0.5.tgz#c1a0043bf188b19b790a27668f4e860391335a60"
    integrity sha512-1nbdwMi2K87V6p5f5AseOKif2CkldLaJlq1TOqaPRwb7v3aU9rltBtYdf+fIyuHSToNJUV6wd9budCFdLCl3Fg==
    dependencies:
      "@chakra-ui/react-use-callback-ref" "2.0.7"
  
  "@chakra-ui/react-use-latest-ref@2.0.5":
    version "2.0.5"
    resolved "https://registry.yarnpkg.com/@chakra-ui/react-use-latest-ref/-/react-use-latest-ref-2.0.5.tgz#b61dc4dadda340f7b14df0ec1d50ab2e507b3b3e"
    integrity sha512-3mIuFzMyIo3Ok/D8uhV9voVg7KkrYVO/pwVvNPJOHsDQqCA6DpYE4WDsrIx+fVcwad3Ta7SupexR5PoI+kq6QQ==
  
  "@chakra-ui/react-use-merge-refs@2.0.7":
    version "2.0.7"
    resolved "https://registry.yarnpkg.com/@chakra-ui/react-use-merge-refs/-/react-use-merge-refs-2.0.7.tgz#1a1fe800fb5501ec3da4088fbac78c03bbad13a7"
    integrity sha512-zds4Uhsc+AMzdH8JDDkLVet9baUBgtOjPbhC5r3A0ZXjZvGhCztFAVE3aExYiVoMPoHLKbLcqvCWE6ioFKz1lw==
  
  "@chakra-ui/react-use-outside-click@2.0.7":
    version "2.0.7"
    resolved "https://registry.yarnpkg.com/@chakra-ui/react-use-outside-click/-/react-use-outside-click-2.0.7.tgz#56c668f020fbc6331db4c3b61c8b845a68c4a134"
    integrity sha512-MsAuGLkwYNxNJ5rb8lYNvXApXxYMnJ3MzqBpQj1kh5qP/+JSla9XMjE/P94ub4fSEttmNSqs43SmPPrmPuihsQ==
    dependencies:
      "@chakra-ui/react-use-callback-ref" "2.0.7"
  
  "@chakra-ui/react-use-pan-event@2.0.9":
    version "2.0.9"
    resolved "https://registry.yarnpkg.com/@chakra-ui/react-use-pan-event/-/react-use-pan-event-2.0.9.tgz#0ff33a285e75a692d1ed52dbb9f3046a593b8004"
    integrity sha512-xu35QXkiyrgsHUOnctl+SwNcwf9Rl62uYE5y8soKOZdBm8E+FvZIt2hxUzK1EoekbJCMzEZ0Yv1ZQCssVkSLaQ==
    dependencies:
      "@chakra-ui/event-utils" "2.0.8"
      "@chakra-ui/react-use-latest-ref" "2.0.5"
      framesync "6.1.2"
  
  "@chakra-ui/react-use-previous@2.0.5":
    version "2.0.5"
    resolved "https://registry.yarnpkg.com/@chakra-ui/react-use-previous/-/react-use-previous-2.0.5.tgz#65836cc81e3a1bf4252cd08a71094f1be827b56c"
    integrity sha512-BIZgjycPE4Xr+MkhKe0h67uHXzQQkBX/u5rYPd65iMGdX1bCkbE0oorZNfOHLKdTmnEb4oVsNvfN6Rfr+Mnbxw==
  
  "@chakra-ui/react-use-safe-layout-effect@2.0.5":
    version "2.0.5"
    resolved "https://registry.yarnpkg.com/@chakra-ui/react-use-safe-layout-effect/-/react-use-safe-layout-effect-2.0.5.tgz#6cf388c37fd2a42b5295a292e149b32f860a00a7"
    integrity sha512-MwAQBz3VxoeFLaesaSEN87reVNVbjcQBDex2WGexAg6hUB6n4gc1OWYH/iXp4tzp4kuggBNhEHkk9BMYXWfhJQ==
  
  "@chakra-ui/react-use-size@2.0.9":
    version "2.0.9"
    resolved "https://registry.yarnpkg.com/@chakra-ui/react-use-size/-/react-use-size-2.0.9.tgz#00717867b98a24c3bdcfaa0c3e70732404193486"
    integrity sha512-Jce7QmO1jlQZq+Y77VKckWzroRnajChzUQ8xhLQZO6VbYvrpg3cu+X2QCz3G+MZzB+1/hnvvAqmZ+uJLd8rEJg==
    dependencies:
      "@zag-js/element-size" "0.3.1"
  
  "@chakra-ui/react-use-timeout@2.0.5":
    version "2.0.5"
    resolved "https://registry.yarnpkg.com/@chakra-ui/react-use-timeout/-/react-use-timeout-2.0.5.tgz#13c4e48e48d4b84ce1e062f0f1c9ec401ece78c9"
    integrity sha512-QqmB+jVphh3h/CS60PieorpY7UqSPkrQCB7f7F+i9vwwIjtP8fxVHMmkb64K7VlzQiMPzv12nlID5dqkzlv0mw==
    dependencies:
      "@chakra-ui/react-use-callback-ref" "2.0.7"
  
  "@chakra-ui/react-use-update-effect@2.0.7":
    version "2.0.7"
    resolved "https://registry.yarnpkg.com/@chakra-ui/react-use-update-effect/-/react-use-update-effect-2.0.7.tgz#f94b7975ebb150c03d410e754b54f0e9dd263134"
    integrity sha512-vBM2bmmM83ZdDtasWv3PXPznpTUd+FvqBC8J8rxoRmvdMEfrxTiQRBJhiGHLpS9BPLLPQlosN6KdFU97csB6zg==
  
  "@chakra-ui/react-utils@2.0.12":
    version "2.0.12"
    resolved "https://registry.yarnpkg.com/@chakra-ui/react-utils/-/react-utils-2.0.12.tgz#d6b773b9a5b2e51dce61f51ac8a0e9a0f534f479"
    integrity sha512-GbSfVb283+YA3kA8w8xWmzbjNWk14uhNpntnipHCftBibl0lxtQ9YqMFQLwuFOO0U2gYVocszqqDWX+XNKq9hw==
    dependencies:
      "@chakra-ui/utils" "2.0.15"
  
  "@chakra-ui/react@^2.5.1":
    version "2.5.1"
    resolved "https://registry.yarnpkg.com/@chakra-ui/react/-/react-2.5.1.tgz#05414db2b512bd4402e42eecc6b915d85102c576"
    integrity sha512-ugkaqfcNMb9L4TkalWiF3rnqfr0TlUUD46JZaDIZiORVisaSwXTZTQrVfG40VghhaJT28rnC5WtiE8kd567ZBQ==
    dependencies:
      "@chakra-ui/accordion" "2.1.9"
      "@chakra-ui/alert" "2.0.17"
      "@chakra-ui/avatar" "2.2.5"
      "@chakra-ui/breadcrumb" "2.1.4"
      "@chakra-ui/button" "2.0.16"
      "@chakra-ui/card" "2.1.6"
      "@chakra-ui/checkbox" "2.2.10"
      "@chakra-ui/close-button" "2.0.17"
      "@chakra-ui/control-box" "2.0.13"
      "@chakra-ui/counter" "2.0.14"
      "@chakra-ui/css-reset" "2.0.12"
      "@chakra-ui/editable" "2.0.19"
      "@chakra-ui/focus-lock" "2.0.16"
      "@chakra-ui/form-control" "2.0.17"
      "@chakra-ui/hooks" "2.1.6"
      "@chakra-ui/icon" "3.0.16"
      "@chakra-ui/image" "2.0.15"
      "@chakra-ui/input" "2.0.20"
      "@chakra-ui/layout" "2.1.16"
      "@chakra-ui/live-region" "2.0.13"
      "@chakra-ui/media-query" "3.2.12"
      "@chakra-ui/menu" "2.1.9"
      "@chakra-ui/modal" "2.2.9"
      "@chakra-ui/number-input" "2.0.18"
      "@chakra-ui/pin-input" "2.0.19"
      "@chakra-ui/popover" "2.1.8"
      "@chakra-ui/popper" "3.0.13"
      "@chakra-ui/portal" "2.0.15"
      "@chakra-ui/progress" "2.1.5"
      "@chakra-ui/provider" "2.1.2"
      "@chakra-ui/radio" "2.0.19"
      "@chakra-ui/react-env" "3.0.0"
      "@chakra-ui/select" "2.0.18"
      "@chakra-ui/skeleton" "2.0.24"
      "@chakra-ui/slider" "2.0.21"
      "@chakra-ui/spinner" "2.0.13"
      "@chakra-ui/stat" "2.0.17"
      "@chakra-ui/styled-system" "2.6.1"
      "@chakra-ui/switch" "2.0.22"
      "@chakra-ui/system" "2.5.1"
      "@chakra-ui/table" "2.0.16"
      "@chakra-ui/tabs" "2.1.8"
      "@chakra-ui/tag" "2.0.17"
      "@chakra-ui/textarea" "2.0.18"
      "@chakra-ui/theme" "2.2.5"
      "@chakra-ui/theme-utils" "2.0.11"
      "@chakra-ui/toast" "6.0.1"
      "@chakra-ui/tooltip" "2.2.6"
      "@chakra-ui/transition" "2.0.15"
      "@chakra-ui/utils" "2.0.15"
      "@chakra-ui/visually-hidden" "2.0.15"
  
  "@chakra-ui/select@2.0.18":
    version "2.0.18"
    resolved "https://registry.yarnpkg.com/@chakra-ui/select/-/select-2.0.18.tgz#4eb6092610067c1b4131353fe39b4466e251395b"
    integrity sha512-1d2lUT5LM6oOs5x4lzBh4GFDuXX62+lr+sgV7099g951/5UNbb0CS2hSZHsO7yZThLNbr7QTWZvAOAayVcGzdw==
    dependencies:
      "@chakra-ui/form-control" "2.0.17"
      "@chakra-ui/shared-utils" "2.0.5"
  
  "@chakra-ui/shared-utils@2.0.5":
    version "2.0.5"
    resolved "https://registry.yarnpkg.com/@chakra-ui/shared-utils/-/shared-utils-2.0.5.tgz#cb2b49705e113853647f1822142619570feba081"
    integrity sha512-4/Wur0FqDov7Y0nCXl7HbHzCg4aq86h+SXdoUeuCMD3dSj7dpsVnStLYhng1vxvlbUnLpdF4oz5Myt3i/a7N3Q==
  
  "@chakra-ui/skeleton@2.0.24":
    version "2.0.24"
    resolved "https://registry.yarnpkg.com/@chakra-ui/skeleton/-/skeleton-2.0.24.tgz#dc9dcca6fc43005544fabfd38a444943b0a29cad"
    integrity sha512-1jXtVKcl/jpbrJlc/TyMsFyI651GTXY5ma30kWyTXoby2E+cxbV6OR8GB/NMZdGxbQBax8/VdtYVjI0n+OBqWA==
    dependencies:
      "@chakra-ui/media-query" "3.2.12"
      "@chakra-ui/react-use-previous" "2.0.5"
      "@chakra-ui/shared-utils" "2.0.5"
  
  "@chakra-ui/slider@2.0.21":
    version "2.0.21"
    resolved "https://registry.yarnpkg.com/@chakra-ui/slider/-/slider-2.0.21.tgz#f65b15bf0d5f827699ff9a2d6faee35006e2bfce"
    integrity sha512-Mm76yJxEqJl21+3waEcKg3tM8Y4elJ7mcViN6Brj35PTfzUJfSJxeBGo1nLPJ+X5jLj7o/L4kfBmUk3lY4QYEQ==
    dependencies:
      "@chakra-ui/number-utils" "2.0.7"
      "@chakra-ui/react-context" "2.0.7"
      "@chakra-ui/react-types" "2.0.7"
      "@chakra-ui/react-use-callback-ref" "2.0.7"
      "@chakra-ui/react-use-controllable-state" "2.0.8"
      "@chakra-ui/react-use-latest-ref" "2.0.5"
      "@chakra-ui/react-use-merge-refs" "2.0.7"
      "@chakra-ui/react-use-pan-event" "2.0.9"
      "@chakra-ui/react-use-size" "2.0.9"
      "@chakra-ui/react-use-update-effect" "2.0.7"
  
  "@chakra-ui/spinner@2.0.13":
    version "2.0.13"
    resolved "https://registry.yarnpkg.com/@chakra-ui/spinner/-/spinner-2.0.13.tgz#64fe919c18305c653ced046e25d5883ee4c1e7d7"
    integrity sha512-T1/aSkVpUIuiYyrjfn1+LsQEG7Onbi1UE9ccS/evgf61Dzy4GgTXQUnDuWFSgpV58owqirqOu6jn/9eCwDlzlg==
    dependencies:
      "@chakra-ui/shared-utils" "2.0.5"
  
  "@chakra-ui/stat@2.0.17":
    version "2.0.17"
    resolved "https://registry.yarnpkg.com/@chakra-ui/stat/-/stat-2.0.17.tgz#2cd712cc7e0d58d9cbd542deea911f1b0925074f"
    integrity sha512-PhD+5oVLWjQmGLfeZSmexp3AtLcaggWBwoMZ4z8QMZIQzf/fJJWMk0bMqxlpTv8ORDkfY/4ImuFB/RJHvcqlcA==
    dependencies:
      "@chakra-ui/icon" "3.0.16"
      "@chakra-ui/react-context" "2.0.7"
      "@chakra-ui/shared-utils" "2.0.5"
  
  "@chakra-ui/styled-system@2.6.1":
    version "2.6.1"
    resolved "https://registry.yarnpkg.com/@chakra-ui/styled-system/-/styled-system-2.6.1.tgz#302d496d34c0b7b30c646a7e3c9b113a2f4588da"
    integrity sha512-jy/1dVi1LxjoRCm+Eo5mqBgvPy5SCWMlIcz6GbIZBDpkGeKZwtqrZLjekxxLBCy8ORY+kJlUB0FT6AzVR/1tjw==
    dependencies:
      "@chakra-ui/shared-utils" "2.0.5"
      csstype "^3.0.11"
      lodash.mergewith "4.6.2"
  
  "@chakra-ui/switch@2.0.22":
    version "2.0.22"
    resolved "https://registry.yarnpkg.com/@chakra-ui/switch/-/switch-2.0.22.tgz#7b35e2b10ea4cf91fb49f5175b4335c61dcd25b3"
    integrity sha512-+/Yy6y7VFD91uSPruF8ZvePi3tl5D8UNVATtWEQ+QBI92DLSM+PtgJ2F0Y9GMZ9NzMxpZ80DqwY7/kqcPCfLvw==
    dependencies:
      "@chakra-ui/checkbox" "2.2.10"
      "@chakra-ui/shared-utils" "2.0.5"
  
  "@chakra-ui/system@2.5.1":
    version "2.5.1"
    resolved "https://registry.yarnpkg.com/@chakra-ui/system/-/system-2.5.1.tgz#bc03a11ae31e795966c7618280548d5cd866f47e"
    integrity sha512-4+86OrcSoq7lGkm5fh+sJ3IWXSTzjz+HOllRbCW2Rtnmcg7ritiXVNV2VygEg2DrCcx5+tNqRHDM764zW+AEug==
    dependencies:
      "@chakra-ui/color-mode" "2.1.12"
      "@chakra-ui/object-utils" "2.0.8"
      "@chakra-ui/react-utils" "2.0.12"
      "@chakra-ui/styled-system" "2.6.1"
      "@chakra-ui/theme-utils" "2.0.11"
      "@chakra-ui/utils" "2.0.15"
      react-fast-compare "3.2.0"
  
  "@chakra-ui/table@2.0.16":
    version "2.0.16"
    resolved "https://registry.yarnpkg.com/@chakra-ui/table/-/table-2.0.16.tgz#e69736cba5cfb218c5e40592ad9280c6e32f6fe7"
    integrity sha512-vWDXZ6Ad3Aj66curp1tZBHvCfQHX2FJ4ijLiqGgQszWFIchfhJ5vMgEBJaFMZ+BN1draAjuRTZqaQefOApzvRg==
    dependencies:
      "@chakra-ui/react-context" "2.0.7"
      "@chakra-ui/shared-utils" "2.0.5"
  
  "@chakra-ui/tabs@2.1.8":
    version "2.1.8"
    resolved "https://registry.yarnpkg.com/@chakra-ui/tabs/-/tabs-2.1.8.tgz#e83071380f9a3633810308d45de51be7a74f5eb9"
    integrity sha512-B7LeFN04Ny2jsSy5TFOQxnbZ6ITxGxLxsB2PE0vvQjMSblBrUryOxdjw80HZhfiw6od0ikK9CeKQOIt9QCguSw==
    dependencies:
      "@chakra-ui/clickable" "2.0.14"
      "@chakra-ui/descendant" "3.0.13"
      "@chakra-ui/lazy-utils" "2.0.5"
      "@chakra-ui/react-children-utils" "2.0.6"
      "@chakra-ui/react-context" "2.0.7"
      "@chakra-ui/react-use-controllable-state" "2.0.8"
      "@chakra-ui/react-use-merge-refs" "2.0.7"
      "@chakra-ui/react-use-safe-layout-effect" "2.0.5"
      "@chakra-ui/shared-utils" "2.0.5"
  
  "@chakra-ui/tag@2.0.17":
    version "2.0.17"
    resolved "https://registry.yarnpkg.com/@chakra-ui/tag/-/tag-2.0.17.tgz#97adb86db190ddb3526060b78c590392e0ac8b4c"
    integrity sha512-A47zE9Ft9qxOJ+5r1cUseKRCoEdqCRzFm0pOtZgRcckqavglk75Xjgz8HbBpUO2zqqd49MlqdOwR8o87fXS1vg==
    dependencies:
      "@chakra-ui/icon" "3.0.16"
      "@chakra-ui/react-context" "2.0.7"
  
  "@chakra-ui/textarea@2.0.18":
    version "2.0.18"
    resolved "https://registry.yarnpkg.com/@chakra-ui/textarea/-/textarea-2.0.18.tgz#da6d629b465f65bbc7b48039c2e48a4ae1d853b4"
    integrity sha512-aGHHb29vVifO0OtcK/k8cMykzjOKo/coDTU0NJqz7OOLAWIMNV2eGenvmO1n9tTZbmbqHiX+Sa1nPRX+pd14lg==
    dependencies:
      "@chakra-ui/form-control" "2.0.17"
      "@chakra-ui/shared-utils" "2.0.5"
  
  "@chakra-ui/theme-tools@2.0.17":
    version "2.0.17"
    resolved "https://registry.yarnpkg.com/@chakra-ui/theme-tools/-/theme-tools-2.0.17.tgz#9496094336c9480f950c8d7ab6e05f1c19caa955"
    integrity sha512-Auu38hnihlJZQcPok6itRDBbwof3TpXGYtDPnOvrq4Xp7jnab36HLt7KEXSDPXbtOk3ZqU99pvI1en5LbDrdjg==
    dependencies:
      "@chakra-ui/anatomy" "2.1.2"
      "@chakra-ui/shared-utils" "2.0.5"
      color2k "^2.0.0"
  
  "@chakra-ui/theme-utils@2.0.11":
    version "2.0.11"
    resolved "https://registry.yarnpkg.com/@chakra-ui/theme-utils/-/theme-utils-2.0.11.tgz#c01b1d14fdd63326d1ad11fd8f0872921ea43872"
    integrity sha512-lBAay6Sq3/fl7exd3mFxWAbzgdQowytor0fnlHrpNStn1HgFjXukwsf6356XQOie2Vd8qaMM7qZtMh4AiC0dcg==
    dependencies:
      "@chakra-ui/shared-utils" "2.0.5"
      "@chakra-ui/styled-system" "2.6.1"
      "@chakra-ui/theme" "2.2.5"
      lodash.mergewith "4.6.2"
  
  "@chakra-ui/theme@2.2.5":
    version "2.2.5"
    resolved "https://registry.yarnpkg.com/@chakra-ui/theme/-/theme-2.2.5.tgz#18ed1755ff27c1ff1f1a77083ffc546c361c926e"
    integrity sha512-hYASZMwu0NqEv6PPydu+F3I+kMNd44yR4TwjR/lXBz/LEh64L6UPY6kQjebCfgdVtsGdl3HKg+eLlfa7SvfRgw==
    dependencies:
      "@chakra-ui/anatomy" "2.1.2"
      "@chakra-ui/shared-utils" "2.0.5"
      "@chakra-ui/theme-tools" "2.0.17"
  
  "@chakra-ui/toast@6.0.1":
    version "6.0.1"
    resolved "https://registry.yarnpkg.com/@chakra-ui/toast/-/toast-6.0.1.tgz#726b67a57cdd592320bb3f450c66d007a2a1d902"
    integrity sha512-ej2kJXvu/d2h6qnXU5D8XTyw0qpsfmbiU7hUffo/sPxkz89AUOQ08RUuUmB1ssW/FZcQvNMJ5WgzCTKHGBxtxw==
    dependencies:
      "@chakra-ui/alert" "2.0.17"
      "@chakra-ui/close-button" "2.0.17"
      "@chakra-ui/portal" "2.0.15"
      "@chakra-ui/react-context" "2.0.7"
      "@chakra-ui/react-use-timeout" "2.0.5"
      "@chakra-ui/react-use-update-effect" "2.0.7"
      "@chakra-ui/shared-utils" "2.0.5"
      "@chakra-ui/styled-system" "2.6.1"
      "@chakra-ui/theme" "2.2.5"
  
  "@chakra-ui/tooltip@2.2.6":
    version "2.2.6"
    resolved "https://registry.yarnpkg.com/@chakra-ui/tooltip/-/tooltip-2.2.6.tgz#a38f9ff2dd8a574c8cf49526c3846533455f8ddd"
    integrity sha512-4cbneidZ5+HCWge3OZzewRQieIvhDjSsl+scrl4Scx7E0z3OmqlTIESU5nGIZDBLYqKn/UirEZhqaQ33FOS2fw==
    dependencies:
      "@chakra-ui/popper" "3.0.13"
      "@chakra-ui/portal" "2.0.15"
      "@chakra-ui/react-types" "2.0.7"
      "@chakra-ui/react-use-disclosure" "2.0.8"
      "@chakra-ui/react-use-event-listener" "2.0.7"
      "@chakra-ui/react-use-merge-refs" "2.0.7"
      "@chakra-ui/shared-utils" "2.0.5"
  
  "@chakra-ui/transition@2.0.15":
    version "2.0.15"
    resolved "https://registry.yarnpkg.com/@chakra-ui/transition/-/transition-2.0.15.tgz#c640df2ea82f5ad58c55a6e1a7c338f377cb96d8"
    integrity sha512-o9LBK/llQfUDHF/Ty3cQ6nShpekKTqHUoJlUOzNKhoTsNpoRerr9v0jwojrX1YI02KtVjfhFU6PiqXlDfREoNw==
    dependencies:
      "@chakra-ui/shared-utils" "2.0.5"
  
  "@chakra-ui/utils@2.0.15":
    version "2.0.15"
    resolved "https://registry.yarnpkg.com/@chakra-ui/utils/-/utils-2.0.15.tgz#bd800b1cff30eb5a5e8c36fa039f49984b4c5e4a"
    integrity sha512-El4+jL0WSaYYs+rJbuYFDbjmfCcfGDmRY95GO4xwzit6YAPZBLcR65rOEwLps+XWluZTy1xdMrusg/hW0c1aAA==
    dependencies:
      "@types/lodash.mergewith" "4.6.7"
      css-box-model "1.2.1"
      framesync "6.1.2"
      lodash.mergewith "4.6.2"
  
  "@chakra-ui/visually-hidden@2.0.15":
    version "2.0.15"
    resolved "https://registry.yarnpkg.com/@chakra-ui/visually-hidden/-/visually-hidden-2.0.15.tgz#60df64e0ab97d95fee4e6c61ccabd15fd5ace398"
    integrity sha512-WWULIiucYRBIewHKFA7BssQ2ABLHLVd9lrUo3N3SZgR0u4ZRDDVEUNOy+r+9ruDze8+36dGbN9wsN1IdELtdOw==
  
  "@emotion/babel-plugin@^11.10.6":
    version "11.10.6"
    resolved "https://registry.yarnpkg.com/@emotion/babel-plugin/-/babel-plugin-11.10.6.tgz#a68ee4b019d661d6f37dec4b8903255766925ead"
    integrity sha512-p2dAqtVrkhSa7xz1u/m9eHYdLi+en8NowrmXeF/dKtJpU8lCWli8RUAati7NcSl0afsBott48pdnANuD0wh9QQ==
    dependencies:
      "@babel/helper-module-imports" "^7.16.7"
      "@babel/runtime" "^7.18.3"
      "@emotion/hash" "^0.9.0"
      "@emotion/memoize" "^0.8.0"
      "@emotion/serialize" "^1.1.1"
      babel-plugin-macros "^3.1.0"
      convert-source-map "^1.5.0"
      escape-string-regexp "^4.0.0"
      find-root "^1.1.0"
      source-map "^0.5.7"
      stylis "4.1.3"
  
  "@emotion/cache@^11.10.5":
    version "11.10.5"
    resolved "https://registry.yarnpkg.com/@emotion/cache/-/cache-11.10.5.tgz#c142da9351f94e47527ed458f7bbbbe40bb13c12"
    integrity sha512-dGYHWyzTdmK+f2+EnIGBpkz1lKc4Zbj2KHd4cX3Wi8/OWr5pKslNjc3yABKH4adRGCvSX4VDC0i04mrrq0aiRA==
    dependencies:
      "@emotion/memoize" "^0.8.0"
      "@emotion/sheet" "^1.2.1"
      "@emotion/utils" "^1.2.0"
      "@emotion/weak-memoize" "^0.3.0"
      stylis "4.1.3"
  
  "@emotion/hash@^0.9.0":
    version "0.9.0"
    resolved "https://registry.yarnpkg.com/@emotion/hash/-/hash-0.9.0.tgz#c5153d50401ee3c027a57a177bc269b16d889cb7"
    integrity sha512-14FtKiHhy2QoPIzdTcvh//8OyBlknNs2nXRwIhG904opCby3l+9Xaf/wuPvICBF0rc1ZCNBd3nKe9cd2mecVkQ==
  
  "@emotion/is-prop-valid@^0.8.2":
    version "0.8.8"
    resolved "https://registry.yarnpkg.com/@emotion/is-prop-valid/-/is-prop-valid-0.8.8.tgz#db28b1c4368a259b60a97311d6a952d4fd01ac1a"
    integrity sha512-u5WtneEAr5IDG2Wv65yhunPSMLIpuKsbuOktRojfrEiEvRyC85LgPMZI63cr7NUqT8ZIGdSVg8ZKGxIug4lXcA==
    dependencies:
      "@emotion/memoize" "0.7.4"
  
  "@emotion/is-prop-valid@^1.2.0":
    version "1.2.0"
    resolved "https://registry.yarnpkg.com/@emotion/is-prop-valid/-/is-prop-valid-1.2.0.tgz#7f2d35c97891669f7e276eb71c83376a5dc44c83"
    integrity sha512-3aDpDprjM0AwaxGE09bOPkNxHpBd+kA6jty3RnaEXdweX1DF1U3VQpPYb0g1IStAuK7SVQ1cy+bNBBKp4W3Fjg==
    dependencies:
      "@emotion/memoize" "^0.8.0"
  
  "@emotion/memoize@0.7.4":
    version "0.7.4"
    resolved "https://registry.yarnpkg.com/@emotion/memoize/-/memoize-0.7.4.tgz#19bf0f5af19149111c40d98bb0cf82119f5d9eeb"
    integrity sha512-Ja/Vfqe3HpuzRsG1oBtWTHk2PGZ7GR+2Vz5iYGelAw8dx32K0y7PjVuxK6z1nMpZOqAFsRUPCkK1YjJ56qJlgw==
  
  "@emotion/memoize@^0.8.0":
    version "0.8.0"
    resolved "https://registry.yarnpkg.com/@emotion/memoize/-/memoize-0.8.0.tgz#f580f9beb67176fa57aae70b08ed510e1b18980f"
    integrity sha512-G/YwXTkv7Den9mXDO7AhLWkE3q+I92B+VqAE+dYG4NGPaHZGvt3G8Q0p9vmE+sq7rTGphUbAvmQ9YpbfMQGGlA==
  
  "@emotion/react@^11.10.6":
    version "11.10.6"
    resolved "https://registry.yarnpkg.com/@emotion/react/-/react-11.10.6.tgz#dbe5e650ab0f3b1d2e592e6ab1e006e75fd9ac11"
    integrity sha512-6HT8jBmcSkfzO7mc+N1L9uwvOnlcGoix8Zn7srt+9ga0MjREo6lRpuVX0kzo6Jp6oTqDhREOFsygN6Ew4fEQbw==
    dependencies:
      "@babel/runtime" "^7.18.3"
      "@emotion/babel-plugin" "^11.10.6"
      "@emotion/cache" "^11.10.5"
      "@emotion/serialize" "^1.1.1"
      "@emotion/use-insertion-effect-with-fallbacks" "^1.0.0"
      "@emotion/utils" "^1.2.0"
      "@emotion/weak-memoize" "^0.3.0"
      hoist-non-react-statics "^3.3.1"
  
  "@emotion/serialize@^1.1.1":
    version "1.1.1"
    resolved "https://registry.yarnpkg.com/@emotion/serialize/-/serialize-1.1.1.tgz#0595701b1902feded8a96d293b26be3f5c1a5cf0"
    integrity sha512-Zl/0LFggN7+L1liljxXdsVSVlg6E/Z/olVWpfxUTxOAmi8NU7YoeWeLfi1RmnB2TATHoaWwIBRoL+FvAJiTUQA==
    dependencies:
      "@emotion/hash" "^0.9.0"
      "@emotion/memoize" "^0.8.0"
      "@emotion/unitless" "^0.8.0"
      "@emotion/utils" "^1.2.0"
      csstype "^3.0.2"
  
  "@emotion/sheet@^1.2.1":
    version "1.2.1"
    resolved "https://registry.yarnpkg.com/@emotion/sheet/-/sheet-1.2.1.tgz#0767e0305230e894897cadb6c8df2c51e61a6c2c"
    integrity sha512-zxRBwl93sHMsOj4zs+OslQKg/uhF38MB+OMKoCrVuS0nyTkqnau+BM3WGEoOptg9Oz45T/aIGs1qbVAsEFo3nA==
  
  "@emotion/styled@^11.10.6":
    version "11.10.6"
    resolved "https://registry.yarnpkg.com/@emotion/styled/-/styled-11.10.6.tgz#d886afdc51ef4d66c787ebde848f3cc8b117ebba"
    integrity sha512-OXtBzOmDSJo5Q0AFemHCfl+bUueT8BIcPSxu0EGTpGk6DmI5dnhSzQANm1e1ze0YZL7TDyAyy6s/b/zmGOS3Og==
    dependencies:
      "@babel/runtime" "^7.18.3"
      "@emotion/babel-plugin" "^11.10.6"
      "@emotion/is-prop-valid" "^1.2.0"
      "@emotion/serialize" "^1.1.1"
      "@emotion/use-insertion-effect-with-fallbacks" "^1.0.0"
      "@emotion/utils" "^1.2.0"
  
  "@emotion/unitless@^0.8.0":
    version "0.8.0"
    resolved "https://registry.yarnpkg.com/@emotion/unitless/-/unitless-0.8.0.tgz#a4a36e9cbdc6903737cd20d38033241e1b8833db"
    integrity sha512-VINS5vEYAscRl2ZUDiT3uMPlrFQupiKgHz5AA4bCH1miKBg4qtwkim1qPmJj/4WG6TreYMY111rEFsjupcOKHw==
  
  "@emotion/use-insertion-effect-with-fallbacks@^1.0.0":
    version "1.0.0"
    resolved "https://registry.yarnpkg.com/@emotion/use-insertion-effect-with-fallbacks/-/use-insertion-effect-with-fallbacks-1.0.0.tgz#ffadaec35dbb7885bd54de3fa267ab2f860294df"
    integrity sha512-1eEgUGmkaljiBnRMTdksDV1W4kUnmwgp7X9G8B++9GYwl1lUdqSndSriIrTJ0N7LQaoauY9JJ2yhiOYK5+NI4A==
  
  "@emotion/utils@^1.2.0":
    version "1.2.0"
    resolved "https://registry.yarnpkg.com/@emotion/utils/-/utils-1.2.0.tgz#9716eaccbc6b5ded2ea5a90d65562609aab0f561"
    integrity sha512-sn3WH53Kzpw8oQ5mgMmIzzyAaH2ZqFEbozVVBSYp538E06OSE6ytOp7pRAjNQR+Q/orwqdQYJSe2m3hCOeznkw==
  
  "@emotion/weak-memoize@^0.3.0":
    version "0.3.0"
    resolved "https://registry.yarnpkg.com/@emotion/weak-memoize/-/weak-memoize-0.3.0.tgz#ea89004119dc42db2e1dba0f97d553f7372f6fcb"
    integrity sha512-AHPmaAx+RYfZz0eYu6Gviiagpmiyw98ySSlQvCUhVGDRtDFe4DBS0x1bSjdF3gqUDYOczB+yYvBTtEylYSdRhg==
  
  "@next/env@13.2.4":
    version "13.2.4"
    resolved "https://registry.yarnpkg.com/@next/env/-/env-13.2.4.tgz#8b763700262b2445140a44a8c8d088cef676dbae"
    integrity sha512-+Mq3TtpkeeKFZanPturjcXt+KHfKYnLlX6jMLyCrmpq6OOs4i1GqBOAauSkii9QeKCMTYzGppar21JU57b/GEA==
  
  "@next/swc-android-arm-eabi@13.2.4":
    version "13.2.4"
    resolved "https://registry.yarnpkg.com/@next/swc-android-arm-eabi/-/swc-android-arm-eabi-13.2.4.tgz#758d0403771e549f9cee71cbabc0cb16a6c947c0"
    integrity sha512-DWlalTSkLjDU11MY11jg17O1gGQzpRccM9Oes2yTqj2DpHndajrXHGxj9HGtJ+idq2k7ImUdJVWS2h2l/EDJOw==
  
  "@next/swc-android-arm64@13.2.4":
    version "13.2.4"
    resolved "https://registry.yarnpkg.com/@next/swc-android-arm64/-/swc-android-arm64-13.2.4.tgz#834d586523045110d5602e0c8aae9028835ac427"
    integrity sha512-sRavmUImUCf332Gy+PjIfLkMhiRX1Ez4SI+3vFDRs1N5eXp+uNzjFUK/oLMMOzk6KFSkbiK/3Wt8+dHQR/flNg==
  
  "@next/swc-darwin-arm64@13.2.4":
    version "13.2.4"
    resolved "https://registry.yarnpkg.com/@next/swc-darwin-arm64/-/swc-darwin-arm64-13.2.4.tgz#5006fca179a36ef3a24d293abadec7438dbb48c6"
    integrity sha512-S6vBl+OrInP47TM3LlYx65betocKUUlTZDDKzTiRDbsRESeyIkBtZ6Qi5uT2zQs4imqllJznVjFd1bXLx3Aa6A==
  
  "@next/swc-darwin-x64@13.2.4":
    version "13.2.4"
    resolved "https://registry.yarnpkg.com/@next/swc-darwin-x64/-/swc-darwin-x64-13.2.4.tgz#6549c7c04322766acc3264ccdb3e1b43fcaf7946"
    integrity sha512-a6LBuoYGcFOPGd4o8TPo7wmv5FnMr+Prz+vYHopEDuhDoMSHOnC+v+Ab4D7F0NMZkvQjEJQdJS3rqgFhlZmKlw==
  
  "@next/swc-freebsd-x64@13.2.4":
    version "13.2.4"
    resolved "https://registry.yarnpkg.com/@next/swc-freebsd-x64/-/swc-freebsd-x64-13.2.4.tgz#0bbe28979e3e868debc2cc06e45e186ce195b7f4"
    integrity sha512-kkbzKVZGPaXRBPisoAQkh3xh22r+TD+5HwoC5bOkALraJ0dsOQgSMAvzMXKsN3tMzJUPS0tjtRf1cTzrQ0I5vQ==
  
  "@next/swc-linux-arm-gnueabihf@13.2.4":
    version "13.2.4"
    resolved "https://registry.yarnpkg.com/@next/swc-linux-arm-gnueabihf/-/swc-linux-arm-gnueabihf-13.2.4.tgz#1d28d2203f5a7427d6e7119d7bcb5fc40959fb3e"
    integrity sha512-7qA1++UY0fjprqtjBZaOA6cas/7GekpjVsZn/0uHvquuITFCdKGFCsKNBx3S0Rpxmx6WYo0GcmhNRM9ru08BGg==
  
  "@next/swc-linux-arm64-gnu@13.2.4":
    version "13.2.4"
    resolved "https://registry.yarnpkg.com/@next/swc-linux-arm64-gnu/-/swc-linux-arm64-gnu-13.2.4.tgz#eb26448190948cdf4c44b8f34110a3ecea32f1d0"
    integrity sha512-xzYZdAeq883MwXgcwc72hqo/F/dwUxCukpDOkx/j1HTq/J0wJthMGjinN9wH5bPR98Mfeh1MZJ91WWPnZOedOg==
  
  "@next/swc-linux-arm64-musl@13.2.4":
    version "13.2.4"
    resolved "https://registry.yarnpkg.com/@next/swc-linux-arm64-musl/-/swc-linux-arm64-musl-13.2.4.tgz#c4227c0acd94a420bb14924820710e6284d234d3"
    integrity sha512-8rXr3WfmqSiYkb71qzuDP6I6R2T2tpkmf83elDN8z783N9nvTJf2E7eLx86wu2OJCi4T05nuxCsh4IOU3LQ5xw==
  
  "@next/swc-linux-x64-gnu@13.2.4":
    version "13.2.4"
    resolved "https://registry.yarnpkg.com/@next/swc-linux-x64-gnu/-/swc-linux-x64-gnu-13.2.4.tgz#6bcb540944ee9b0209b33bfc23b240c2044dfc3e"
    integrity sha512-Ngxh51zGSlYJ4EfpKG4LI6WfquulNdtmHg1yuOYlaAr33KyPJp4HeN/tivBnAHcZkoNy0hh/SbwDyCnz5PFJQQ==
  
  "@next/swc-linux-x64-musl@13.2.4":
    version "13.2.4"
    resolved "https://registry.yarnpkg.com/@next/swc-linux-x64-musl/-/swc-linux-x64-musl-13.2.4.tgz#ce21e43251eaf09a09df39372b2c3e38028c30ff"
    integrity sha512-gOvwIYoSxd+j14LOcvJr+ekd9fwYT1RyMAHOp7znA10+l40wkFiMONPLWiZuHxfRk+Dy7YdNdDh3ImumvL6VwA==
  
  "@next/swc-win32-arm64-msvc@13.2.4":
    version "13.2.4"
    resolved "https://registry.yarnpkg.com/@next/swc-win32-arm64-msvc/-/swc-win32-arm64-msvc-13.2.4.tgz#68220063d8e5e082f5465498675640dedb670ff1"
    integrity sha512-q3NJzcfClgBm4HvdcnoEncmztxrA5GXqKeiZ/hADvC56pwNALt3ngDC6t6qr1YW9V/EPDxCYeaX4zYxHciW4Dw==
  
  "@next/swc-win32-ia32-msvc@13.2.4":
    version "13.2.4"
    resolved "https://registry.yarnpkg.com/@next/swc-win32-ia32-msvc/-/swc-win32-ia32-msvc-13.2.4.tgz#7c120ab54a081be9566df310bed834f168252990"
    integrity sha512-/eZ5ncmHUYtD2fc6EUmAIZlAJnVT2YmxDsKs1Ourx0ttTtvtma/WKlMV5NoUsyOez0f9ExLyOpeCoz5aj+MPXw==
  
  "@next/swc-win32-x64-msvc@13.2.4":
    version "13.2.4"
    resolved "https://registry.yarnpkg.com/@next/swc-win32-x64-msvc/-/swc-win32-x64-msvc-13.2.4.tgz#5abda92fe12b9829bf7951c4a221282c56041144"
    integrity sha512-0MffFmyv7tBLlji01qc0IaPP/LVExzvj7/R5x1Jph1bTAIj4Vu81yFQWHHQAP6r4ff9Ukj1mBK6MDNVXm7Tcvw==
  
  "@noble/hashes@1.1.2":
    version "1.1.2"
    resolved "https://registry.yarnpkg.com/@noble/hashes/-/hashes-1.1.2.tgz#e9e035b9b166ca0af657a7848eb2718f0f22f183"
    integrity sha512-KYRCASVTv6aeUi1tsF8/vpyR7zpfs3FUzy2Jqm+MU+LmUKhQ0y2FpfwqkCcxSg2ua4GALJd8k2R76WxwZGbQpA==
  
  "@noble/secp256k1@1.7.1":
    version "1.7.1"
    resolved "https://registry.yarnpkg.com/@noble/secp256k1/-/secp256k1-1.7.1.tgz#b251c70f824ce3ca7f8dc3df08d58f005cc0507c"
    integrity sha512-hOUk6AyBFmqVrv7k5WAw/LpszxVbj9gGN4JRkIX52fdFAj1UA61KXmZDvqVEm+pOyec3+fIeZB02LYa/pWOArw==
  
  "@panva/hkdf@^1.0.2":
    version "1.0.4"
    resolved "https://registry.yarnpkg.com/@panva/hkdf/-/hkdf-1.0.4.tgz#4e02bb248402ff6c5c024e23a68438e2b0e69d67"
    integrity sha512-003xWiCuvePbLaPHT+CRuaV4GlyCAVm6XYSbBZDHoWZGn1mNkVKFaDbGJjjxmEFvizUwlCoM6O18FCBMMky2zQ==
  
  "@popperjs/core@^2.9.3":
    version "2.11.6"
    resolved "https://registry.yarnpkg.com/@popperjs/core/-/core-2.11.6.tgz#cee20bd55e68a1720bdab363ecf0c821ded4cd45"
    integrity sha512-50/17A98tWUfQ176raKiOGXuYpLyyVMkxxG6oylzL3BPOlA6ADGdK7EYunSa4I064xerltq9TGXs8HmOk5E+vw==
  
  "@swc/helpers@0.4.14":
    version "0.4.14"
    resolved "https://registry.yarnpkg.com/@swc/helpers/-/helpers-0.4.14.tgz#1352ac6d95e3617ccb7c1498ff019654f1e12a74"
    integrity sha512-4C7nX/dvpzB7za4Ql9K81xK3HPxCpHMgwTZVyf+9JQ6VUbn9jjZVN7/Nkdz/Ugzs2CSjqnL/UPXroiVBVHUWUw==
    dependencies:
      tslib "^2.4.0"
  
  "@types/lodash.mergewith@4.6.7":
    version "4.6.7"
    resolved "https://registry.yarnpkg.com/@types/lodash.mergewith/-/lodash.mergewith-4.6.7.tgz#eaa65aa5872abdd282f271eae447b115b2757212"
    integrity sha512-3m+lkO5CLRRYU0fhGRp7zbsGi6+BZj0uTVSwvcKU+nSlhjA9/QRNfuSGnD2mX6hQA7ZbmcCkzk5h4ZYGOtk14A==
    dependencies:
      "@types/lodash" "*"
  
  "@types/lodash@*":
    version "4.14.191"
    resolved "https://registry.yarnpkg.com/@types/lodash/-/lodash-4.14.191.tgz#09511e7f7cba275acd8b419ddac8da9a6a79e2fa"
    integrity sha512-BdZ5BCCvho3EIXw6wUCXHe7rS53AIDPLE+JzwgT+OsJk53oBfbSmZZ7CX4VaRoN78N+TJpFi9QPlfIVNmJYWxQ==
  
  "@types/node@*":
    version "18.15.0"
    resolved "https://registry.yarnpkg.com/@types/node/-/node-18.15.0.tgz#286a65e3fdffd691e170541e6ecb0410b16a38be"
    integrity sha512-z6nr0TTEOBGkzLGmbypWOGnpSpSIBorEhC4L+4HeQ2iezKCi4f77kyslRwvHeNitymGQ+oFyIWGP96l/DPSV9w==
  
  "@types/parse-json@^4.0.0":
    version "4.0.0"
    resolved "https://registry.yarnpkg.com/@types/parse-json/-/parse-json-4.0.0.tgz#2f8bb441434d163b35fb8ffdccd7138927ffb8c0"
    integrity sha512-//oorEZjL6sbPcKUaCdIGlIUeH26mgzimjBB77G6XRgnDl/L5wOnpyBGRe/Mmf5CVW3PwEBE1NjiMZ/ssFh4wA==
  
  "@types/prop-types@*":
    version "15.7.5"
    resolved "https://registry.yarnpkg.com/@types/prop-types/-/prop-types-15.7.5.tgz#5f19d2b85a98e9558036f6a3cacc8819420f05cf"
    integrity sha512-JCB8C6SnDoQf0cNycqd/35A7MjcnK+ZTqE7judS6o7utxUCg6imJg3QK2qzHKszlTjcj2cn+NwMB2i96ubpj7w==
  
  "@types/react@18.0.28":
    version "18.0.28"
    resolved "https://registry.yarnpkg.com/@types/react/-/react-18.0.28.tgz#accaeb8b86f4908057ad629a26635fe641480065"
    integrity sha512-RD0ivG1kEztNBdoAK7lekI9M+azSnitIn85h4iOiaLjaTrMjzslhaqCGaI4IyCJ1RljWiLCEu4jyrLLgqxBTew==
    dependencies:
      "@types/prop-types" "*"
      "@types/scheduler" "*"
      csstype "^3.0.2"
  
  "@types/scheduler@*":
    version "0.16.2"
    resolved "https://registry.yarnpkg.com/@types/scheduler/-/scheduler-0.16.2.tgz#1a62f89525723dde24ba1b01b092bf5df8ad4d39"
    integrity sha512-hppQEBDmlwhFAXKJX2KnWLYu5yMfi91yazPb2l+lbJiwW+wdo1gNeRA+3RgNSO39WYX2euey41KEwnqesU2Jew==
  
  "@types/webidl-conversions@*":
    version "7.0.0"
    resolved "https://registry.yarnpkg.com/@types/webidl-conversions/-/webidl-conversions-7.0.0.tgz#2b8e60e33906459219aa587e9d1a612ae994cfe7"
    integrity sha512-xTE1E+YF4aWPJJeUzaZI5DRntlkY3+BCVJi0axFptnjGmAoWxkyREIh/XMrfxVLejwQxMCfDXdICo0VLxThrog==
  
  "@types/whatwg-url@^8.2.1":
    version "8.2.2"
    resolved "https://registry.yarnpkg.com/@types/whatwg-url/-/whatwg-url-8.2.2.tgz#749d5b3873e845897ada99be4448041d4cc39e63"
    integrity sha512-FtQu10RWgn3D9U4aazdwIE2yzphmTJREDqNdODHrbrZmmMqI0vMheC/6NE/J1Yveaj8H+ela+YwWTjq5PGmuhA==
    dependencies:
      "@types/node" "*"
      "@types/webidl-conversions" "*"
  
  "@zag-js/element-size@0.3.1":
    version "0.3.1"
    resolved "https://registry.yarnpkg.com/@zag-js/element-size/-/element-size-0.3.1.tgz#f9f6ae98355e2250d18d0f6e2f1134a0ae4c6a2f"
    integrity sha512-jR5j4G//bRzcxwAACWi9EfITnwjNmn10LxF4NmALrdZU7/PNWP3uUCdhCxd/0SCyeiJXUl0yvD57rWAbKPs1nw==
  
  "@zag-js/focus-visible@0.2.1":
    version "0.2.1"
    resolved "https://registry.yarnpkg.com/@zag-js/focus-visible/-/focus-visible-0.2.1.tgz#bf4f1009f4fd35a9728dfaa9214d8cb318fe8b1e"
    integrity sha512-19uTjoZGP4/Ax7kSNhhay9JA83BirKzpqLkeEAilrpdI1hE5xuq6q+tzJOsrMOOqJrm7LkmZp5lbsTQzvK2pYg==
  
  aes-js@4.0.0-beta.3:
    version "4.0.0-beta.3"
    resolved "https://registry.yarnpkg.com/aes-js/-/aes-js-4.0.0-beta.3.tgz#da2253f0ff03a0b3a9e445c8cbdf78e7fda7d48c"
    integrity sha512-/xJX0/VTPcbc5xQE2VUP91y1xN8q/rDfhEzLm+vLc3hYvb5+qHCnpJRuFcrKn63zumK/sCwYYzhG8HP78JYSTA==
  
  ansi-styles@^3.2.1:
    version "3.2.1"
    resolved "https://registry.yarnpkg.com/ansi-styles/-/ansi-styles-3.2.1.tgz#41fbb20243e50b12be0f04b8dedbf07520ce841d"
    integrity sha512-VT0ZI6kZRdTh8YyJw3SMbYm/u+NqfsAxEpWO0Pf9sq8/e94WxxOpPKx9FR1FlyCtOVDNOQ+8ntlqFxiRc+r5qA==
    dependencies:
      color-convert "^1.9.0"
  
  aria-hidden@^1.2.2:
    version "1.2.3"
    resolved "https://registry.yarnpkg.com/aria-hidden/-/aria-hidden-1.2.3.tgz#14aeb7fb692bbb72d69bebfa47279c1fd725e954"
    integrity sha512-xcLxITLe2HYa1cnYnwCjkOO1PqUHQpozB8x9AR0OgWN2woOBi5kSDVxKfd0b7sb1hw5qFeJhXm9H1nu3xSfLeQ==
    dependencies:
      tslib "^2.0.0"
  
  asynckit@^0.4.0:
    version "0.4.0"
    resolved "https://registry.yarnpkg.com/asynckit/-/asynckit-0.4.0.tgz#c79ed97f7f34cb8f2ba1bc9790bcc366474b4b79"
    integrity sha512-Oei9OH4tRh0YqU3GxhX79dM/mwVgvbZJaSNaRk+bshkj0S5cfHcgYakreBjrHwatXKbz+IoIdYLxrKim2MjW0Q==
  
  axios@^1.3.4:
    version "1.3.4"
    resolved "https://registry.yarnpkg.com/axios/-/axios-1.3.4.tgz#f5760cefd9cfb51fd2481acf88c05f67c4523024"
    integrity sha512-toYm+Bsyl6VC5wSkfkbbNB6ROv7KY93PEBBL6xyDczaIHasAiv4wPqQ/c4RjoQzipxRD2W5g21cOqQulZ7rHwQ==
    dependencies:
      follow-redirects "^1.15.0"
      form-data "^4.0.0"
      proxy-from-env "^1.1.0"
  
  babel-plugin-macros@^3.1.0:
    version "3.1.0"
    resolved "https://registry.yarnpkg.com/babel-plugin-macros/-/babel-plugin-macros-3.1.0.tgz#9ef6dc74deb934b4db344dc973ee851d148c50c1"
    integrity sha512-Cg7TFGpIr01vOQNODXOOaGz2NpCU5gl8x1qJFbb6hbZxR7XrcE2vtbAsTAbJ7/xwJtUuJEw8K8Zr/AE0LHlesg==
    dependencies:
      "@babel/runtime" "^7.12.5"
      cosmiconfig "^7.0.0"
      resolve "^1.19.0"
  
  bcryptjs@^2.4.3:
    version "2.4.3"
    resolved "https://registry.yarnpkg.com/bcryptjs/-/bcryptjs-2.4.3.tgz#9ab5627b93e60621ff7cdac5da9733027df1d0cb"
    integrity sha512-V/Hy/X9Vt7f3BbPJEi8BdVFMByHi+jNXrYkW3huaybV/kQ0KJg0Y6PkEMbn+zeT+i+SiKZ/HMqJGIIt4LZDqNQ==
  
  bson@^5.0.1:
    version "5.0.1"
    resolved "https://registry.yarnpkg.com/bson/-/bson-5.0.1.tgz#4cd3eeeabf6652ef0d6ab600f9a18212d39baac3"
    integrity sha512-y09gBGusgHtinMon/GVbv1J6FrXhnr/+6hqLlSmEFzkz6PodqF6TxjyvfvY3AfO+oG1mgUtbC86xSbOlwvM62Q==
  
  callsites@^3.0.0:
    version "3.1.0"
    resolved "https://registry.yarnpkg.com/callsites/-/callsites-3.1.0.tgz#b3630abd8943432f54b3f0519238e33cd7df2f73"
    integrity sha512-P8BjAsXvZS+VIDUI11hHCQEv74YT67YUi5JJFNWIqL235sBmjX4+qx9Muvls5ivyNENctx46xQLQ3aTuE7ssaQ==
  
  caniuse-lite@^1.0.30001406:
    version "1.0.30001464"
    resolved "https://registry.yarnpkg.com/caniuse-lite/-/caniuse-lite-1.0.30001464.tgz#888922718df48ce5e33dcfe1a2af7d42676c5eb7"
    integrity sha512-oww27MtUmusatpRpCGSOneQk2/l5czXANDSFvsc7VuOQ86s3ANhZetpwXNf1zY/zdfP63Xvjz325DAdAoES13g==
  
  chalk@^2.0.0:
    version "2.4.2"
    resolved "https://registry.yarnpkg.com/chalk/-/chalk-2.4.2.tgz#cd42541677a54333cf541a49108c1432b44c9424"
    integrity sha512-Mti+f9lpJNcwF4tWV8/OrTTtF1gZi+f8FqlyAdouralcFWFQWF2+NgCHShjkCb+IFBLq9buZwE1xckQU4peSuQ==
    dependencies:
      ansi-styles "^3.2.1"
      escape-string-regexp "^1.0.5"
      supports-color "^5.3.0"
  
  client-only@0.0.1:
    version "0.0.1"
    resolved "https://registry.yarnpkg.com/client-only/-/client-only-0.0.1.tgz#38bba5d403c41ab150bff64a95c85013cf73bca1"
    integrity sha512-IV3Ou0jSMzZrd3pZ48nLkT9DA7Ag1pnPzaiQhpW7c3RbcqqzvzzVu+L8gfqMp/8IM2MQtSiqaCxrrcfu8I8rMA==
  
  color-convert@^1.9.0:
    version "1.9.3"
    resolved "https://registry.yarnpkg.com/color-convert/-/color-convert-1.9.3.tgz#bb71850690e1f136567de629d2d5471deda4c1e8"
    integrity sha512-QfAUtd+vFdAtFQcC8CCyYt1fYWxSqAiK2cSD6zDB8N3cpsEBAvRxp9zOGg6G/SHHJYAT88/az/IuDGALsNVbGg==
    dependencies:
      color-name "1.1.3"
  
  color-name@1.1.3:
    version "1.1.3"
    resolved "https://registry.yarnpkg.com/color-name/-/color-name-1.1.3.tgz#a7d0558bd89c42f795dd42328f740831ca53bc25"
    integrity sha512-72fSenhMw2HZMTVHeCA9KCmpEIbzWiQsjN+BHcBbS9vr1mtt+vJjPdksIBNUmKAW8TFUDPJK5SUU3QhE9NEXDw==
  
  color2k@^2.0.0:
    version "2.0.2"
    resolved "https://registry.yarnpkg.com/color2k/-/color2k-2.0.2.tgz#ac2b4aea11c822a6bcb70c768b5a289f4fffcebb"
    integrity sha512-kJhwH5nAwb34tmyuqq/lgjEKzlFXn1U99NlnB6Ws4qVaERcRUYeYP1cBw6BJ4vxaWStAUEef4WMr7WjOCnBt8w==
  
  combined-stream@^1.0.8:
    version "1.0.8"
    resolved "https://registry.yarnpkg.com/combined-stream/-/combined-stream-1.0.8.tgz#c3d45a8b34fd730631a110a8a2520682b31d5a7f"
    integrity sha512-FQN4MRfuJeHf7cBbBMJFXhKSDq+2kAArBlmRBvcvFE5BB1HZKXtSFASDhdlz9zOYwxh8lDdnvmMOe/+5cdoEdg==
    dependencies:
      delayed-stream "~1.0.0"
  
  compute-scroll-into-view@1.0.20:
    version "1.0.20"
    resolved "https://registry.yarnpkg.com/compute-scroll-into-view/-/compute-scroll-into-view-1.0.20.tgz#1768b5522d1172754f5d0c9b02de3af6be506a43"
    integrity sha512-UCB0ioiyj8CRjtrvaceBLqqhZCVP+1B8+NWQhmdsm0VXOJtobBCf1dBQmebCCo34qZmUwZfIH2MZLqNHazrfjg==
  
  convert-source-map@^1.5.0:
    version "1.9.0"
    resolved "https://registry.yarnpkg.com/convert-source-map/-/convert-source-map-1.9.0.tgz#7faae62353fb4213366d0ca98358d22e8368b05f"
    integrity sha512-ASFBup0Mz1uyiIjANan1jzLQami9z1PoYSZCiiYW2FczPbenXc45FZdBZLzOT+r6+iciuEModtmCti+hjaAk0A==
  
  cookie@^0.5.0:
    version "0.5.0"
    resolved "https://registry.yarnpkg.com/cookie/-/cookie-0.5.0.tgz#d1f5d71adec6558c58f389987c366aa47e994f8b"
    integrity sha512-YZ3GUyn/o8gfKJlnlX7g7xq4gyO6OSuhGPKaaGssGB2qgDUS0gPgtTvoyZLTt9Ab6dC4hfc9dV5arkvc/OCmrw==
  
  copy-to-clipboard@3.3.3:
    version "3.3.3"
    resolved "https://registry.yarnpkg.com/copy-to-clipboard/-/copy-to-clipboard-3.3.3.tgz#55ac43a1db8ae639a4bd99511c148cdd1b83a1b0"
    integrity sha512-2KV8NhB5JqC3ky0r9PMCAZKbUHSwtEo4CwCs0KXgruG43gX5PMqDEBbVU4OUzw2MuAWUfsuFmWvEKG5QRfSnJA==
    dependencies:
      toggle-selection "^1.0.6"
  
  cosmiconfig@^7.0.0:
    version "7.1.0"
    resolved "https://registry.yarnpkg.com/cosmiconfig/-/cosmiconfig-7.1.0.tgz#1443b9afa596b670082ea46cbd8f6a62b84635f6"
    integrity sha512-AdmX6xUzdNASswsFtmwSt7Vj8po9IuqXm0UXz7QKPuEUmPB4XyjGfaAr2PSuELMwkRMVH1EpIkX5bTZGRB3eCA==
    dependencies:
      "@types/parse-json" "^4.0.0"
      import-fresh "^3.2.1"
      parse-json "^5.0.0"
      path-type "^4.0.0"
      yaml "^1.10.0"
  
  css-box-model@1.2.1:
    version "1.2.1"
    resolved "https://registry.yarnpkg.com/css-box-model/-/css-box-model-1.2.1.tgz#59951d3b81fd6b2074a62d49444415b0d2b4d7c1"
    integrity sha512-a7Vr4Q/kd/aw96bnJG332W9V9LkJO69JRcaCYDUqjp6/z0w6VcZjgAcTbgFxEPfBgdnAwlh3iwu+hLopa+flJw==
    dependencies:
      tiny-invariant "^1.0.6"
  
  csstype@^3.0.11, csstype@^3.0.2:
    version "3.1.1"
    resolved "https://registry.yarnpkg.com/csstype/-/csstype-3.1.1.tgz#841b532c45c758ee546a11d5bd7b7b473c8c30b9"
    integrity sha512-DJR/VvkAvSZW9bTouZue2sSxDwdTN92uHjqeKVm+0dAqdfNykRzQ95tay8aXMBAAPpUiq4Qcug2L7neoRh2Egw==
  
  debug@4.x:
    version "4.3.4"
    resolved "https://registry.yarnpkg.com/debug/-/debug-4.3.4.tgz#1319f6579357f2338d3337d2cdd4914bb5dcc865"
    integrity sha512-PRWFHuSU3eDtQJPvnNY7Jcket1j0t5OuOsFzPPzsekD52Zl8qUfFIPEiswXqIvHWGVHOgX+7G/vCNNhehwxfkQ==
    dependencies:
      ms "2.1.2"
  
  delayed-stream@~1.0.0:
    version "1.0.0"
    resolved "https://registry.yarnpkg.com/delayed-stream/-/delayed-stream-1.0.0.tgz#df3ae199acadfb7d440aaae0b29e2272b24ec619"
    integrity sha512-ZySD7Nf91aLB0RxL4KGrKHBXl7Eds1DAmEdcoVawXnLD7SDhpNgtuII2aAkg7a7QS41jxPSZ17p4VdGnMHk3MQ==
  
  detect-node-es@^1.1.0:
    version "1.1.0"
    resolved "https://registry.yarnpkg.com/detect-node-es/-/detect-node-es-1.1.0.tgz#163acdf643330caa0b4cd7c21e7ee7755d6fa493"
    integrity sha512-ypdmJU/TbBby2Dxibuv7ZLW3Bs1QEmM7nHjEANfohJLvE0XVujisn1qPJcZxg+qDucsr+bP6fLD1rPS3AhJ7EQ==
  
  error-ex@^1.3.1:
    version "1.3.2"
    resolved "https://registry.yarnpkg.com/error-ex/-/error-ex-1.3.2.tgz#b4ac40648107fdcdcfae242f428bea8a14d4f1bf"
    integrity sha512-7dFHNmqeFSEt2ZBsCriorKnn3Z2pj+fd9kmI6QoWw4//DL+icEBfc0U7qJCisqrTsKTjw4fNFy2pW9OqStD84g==
    dependencies:
      is-arrayish "^0.2.1"
  
  escape-string-regexp@^1.0.5:
    version "1.0.5"
    resolved "https://registry.yarnpkg.com/escape-string-regexp/-/escape-string-regexp-1.0.5.tgz#1b61c0562190a8dff6ae3bb2cf0200ca130b86d4"
    integrity sha512-vbRorB5FUQWvla16U8R/qgaFIya2qGzwDrNmCZuYKrbdSUMG6I1ZCGQRefkRVhuOkIGVne7BQ35DSfo1qvJqFg==
  
  escape-string-regexp@^4.0.0:
    version "4.0.0"
    resolved "https://registry.yarnpkg.com/escape-string-regexp/-/escape-string-regexp-4.0.0.tgz#14ba83a5d373e3d311e5afca29cf5bfad965bf34"
    integrity sha512-TtpcNJ3XAzx3Gq8sWRzJaVajRs0uVxA2YAkdb1jm2YkPz4G6egUFAyA3n5vtEIZefPk5Wa4UXbKuS5fKkJWdgA==
  
  ethers@^6.1.0:
    version "6.1.0"
    resolved "https://registry.yarnpkg.com/ethers/-/ethers-6.1.0.tgz#de9c3acbb865fda6c080e80ec88ae0aada046947"
    integrity sha512-aC45YGbvgXt7Nses5WsdQwc1cUIrrQt32zeFShNW7ZT3RQCIHBnd4nmbE5sJmrp70uTdwkRHkr4cZr1D/YwFPg==
    dependencies:
      "@adraffy/ens-normalize" "1.8.9"
      "@noble/hashes" "1.1.2"
      "@noble/secp256k1" "1.7.1"
      aes-js "4.0.0-beta.3"
      tslib "2.4.0"
      ws "8.5.0"
  
  find-root@^1.1.0:
    version "1.1.0"
    resolved "https://registry.yarnpkg.com/find-root/-/find-root-1.1.0.tgz#abcfc8ba76f708c42a97b3d685b7e9450bfb9ce4"
    integrity sha512-NKfW6bec6GfKc0SGx1e07QZY9PE99u0Bft/0rzSD5k3sO/vwkVUpDUKVm5Gpp5Ue3YfShPFTX2070tDs5kB9Ng==
  
  focus-lock@^0.11.6:
    version "0.11.6"
    resolved "https://registry.yarnpkg.com/focus-lock/-/focus-lock-0.11.6.tgz#e8821e21d218f03e100f7dc27b733f9c4f61e683"
    integrity sha512-KSuV3ur4gf2KqMNoZx3nXNVhqCkn42GuTYCX4tXPEwf0MjpFQmNMiN6m7dXaUXgIoivL6/65agoUMg4RLS0Vbg==
    dependencies:
      tslib "^2.0.3"
  
  follow-redirects@^1.15.0:
    version "1.15.2"
    resolved "https://registry.yarnpkg.com/follow-redirects/-/follow-redirects-1.15.2.tgz#b460864144ba63f2681096f274c4e57026da2c13"
    integrity sha512-VQLG33o04KaQ8uYi2tVNbdrWp1QWxNNea+nmIB4EVM28v0hmP17z7aG1+wAkNzVq4KeXTq3221ye5qTJP91JwA==
  
  form-data@^4.0.0:
    version "4.0.0"
    resolved "https://registry.yarnpkg.com/form-data/-/form-data-4.0.0.tgz#93919daeaf361ee529584b9b31664dc12c9fa452"
    integrity sha512-ETEklSGi5t0QMZuiXoA/Q6vcnxcLQP5vdugSpuAyi6SVGi2clPPp+xgEhuMaHC+zGgn31Kd235W35f7Hykkaww==
    dependencies:
      asynckit "^0.4.0"
      combined-stream "^1.0.8"
      mime-types "^2.1.12"
  
  framer-motion@^10.2.4:
    version "10.2.4"
    resolved "https://registry.yarnpkg.com/framer-motion/-/framer-motion-10.2.4.tgz#e728a34c5c208aef4ee2b829409e0f59c7d6405c"
    integrity sha512-0a5yR1jwOfSO0jJEpZUrgWYEa1EPU2yGVmytSu+uMYWV7bcFHwaHVYz2GchzWPH1rW7nXg8zmw8cp4+zNJJaUA==
    dependencies:
      tslib "^2.4.0"
    optionalDependencies:
      "@emotion/is-prop-valid" "^0.8.2"
  
  framesync@6.1.2:
    version "6.1.2"
    resolved "https://registry.yarnpkg.com/framesync/-/framesync-6.1.2.tgz#755eff2fb5b8f3b4d2b266dd18121b300aefea27"
    integrity sha512-jBTqhX6KaQVDyus8muwZbBeGGP0XgujBRbQ7gM7BRdS3CadCZIHiawyzYLnafYcvZIh5j8WE7cxZKFn7dXhu9g==
    dependencies:
      tslib "2.4.0"
  
  function-bind@^1.1.1:
    version "1.1.1"
    resolved "https://registry.yarnpkg.com/function-bind/-/function-bind-1.1.1.tgz#a56899d3ea3c9bab874bb9773b7c5ede92f4895d"
    integrity sha512-yIovAzMX49sF8Yl58fSCWJ5svSLuaibPxXQJFLmBObTuCr0Mf1KiPopGM9NiFjiYBCbfaa2Fh6breQ6ANVTI0A==
  
  get-nonce@^1.0.0:
    version "1.0.1"
    resolved "https://registry.yarnpkg.com/get-nonce/-/get-nonce-1.0.1.tgz#fdf3f0278073820d2ce9426c18f07481b1e0cdf3"
    integrity sha512-FJhYRoDaiatfEkUK8HKlicmu/3SGFD51q3itKDGoSTysQJBnfOcxU5GxnhE1E6soB76MbT0MBtnKJuXyAx+96Q==
  
  has-flag@^3.0.0:
    version "3.0.0"
    resolved "https://registry.yarnpkg.com/has-flag/-/has-flag-3.0.0.tgz#b5d454dc2199ae225699f3467e5a07f3b955bafd"
    integrity sha512-sKJf1+ceQBr4SMkvQnBDNDtf4TXpVhVGateu0t918bl30FnbE2m4vNLX+VWe/dpjlb+HugGYzW7uQXH98HPEYw==
  
  has@^1.0.3:
    version "1.0.3"
    resolved "https://registry.yarnpkg.com/has/-/has-1.0.3.tgz#722d7cbfc1f6aa8241f16dd814e011e1f41e8796"
    integrity sha512-f2dvO0VU6Oej7RkWJGrehjbzMAjFp5/VKPp5tTpWIV4JHHZK1/BxbFRtf/siA2SWTe09caDmVtYYzWEIbBS4zw==
    dependencies:
      function-bind "^1.1.1"
  
  hoist-non-react-statics@^3.3.1:
    version "3.3.2"
    resolved "https://registry.yarnpkg.com/hoist-non-react-statics/-/hoist-non-react-statics-3.3.2.tgz#ece0acaf71d62c2969c2ec59feff42a4b1a85b45"
    integrity sha512-/gGivxi8JPKWNm/W0jSmzcMPpfpPLc3dY/6GxhX2hQ9iGj3aDfklV4ET7NjKpSinLpJ5vafa9iiGIEZg10SfBw==
    dependencies:
      react-is "^16.7.0"
  
  import-fresh@^3.2.1:
    version "3.3.0"
    resolved "https://registry.yarnpkg.com/import-fresh/-/import-fresh-3.3.0.tgz#37162c25fcb9ebaa2e6e53d5b4d88ce17d9e0c2b"
    integrity sha512-veYYhQa+D1QBKznvhUHxb8faxlrwUnxseDAbAp457E0wLNio2bOSKnjYDhMj+YiAq61xrMGhQk9iXVk5FzgQMw==
    dependencies:
      parent-module "^1.0.0"
      resolve-from "^4.0.0"
  
  invariant@^2.2.4:
    version "2.2.4"
    resolved "https://registry.yarnpkg.com/invariant/-/invariant-2.2.4.tgz#610f3c92c9359ce1db616e538008d23ff35158e6"
    integrity sha512-phJfQVBuaJM5raOpJjSfkiD6BpbCE4Ns//LaXl6wGYtUBY83nWS6Rf9tXm2e8VaK60JEjYldbPif/A2B1C2gNA==
    dependencies:
      loose-envify "^1.0.0"
  
  ip@^2.0.0:
    version "2.0.0"
    resolved "https://registry.yarnpkg.com/ip/-/ip-2.0.0.tgz#4cf4ab182fee2314c75ede1276f8c80b479936da"
    integrity sha512-WKa+XuLG1A1R0UWhl2+1XQSi+fZWMsYKffMZTTYsiZaUD8k2yDAj5atimTUD2TZkyCkNEeYE5NhFZmupOGtjYQ==
  
  is-arrayish@^0.2.1:
    version "0.2.1"
    resolved "https://registry.yarnpkg.com/is-arrayish/-/is-arrayish-0.2.1.tgz#77c99840527aa8ecb1a8ba697b80645a7a926a9d"
    integrity sha512-zz06S8t0ozoDXMG+ube26zeCTNXcKIPJZJi8hBrF4idCLms4CG9QtK7qBl1boi5ODzFpjswb5JPmHCbMpjaYzg==
  
  is-core-module@^2.9.0:
    version "2.11.0"
    resolved "https://registry.yarnpkg.com/is-core-module/-/is-core-module-2.11.0.tgz#ad4cb3e3863e814523c96f3f58d26cc570ff0144"
    integrity sha512-RRjxlvLDkD1YJwDbroBHMb+cukurkDWNyHx7D3oNB5x9rb5ogcksMC5wHCadcXoo67gVr/+3GFySh3134zi6rw==
    dependencies:
      has "^1.0.3"
  
  jose@^4.10.0, jose@^4.11.4:
    version "4.13.1"
    resolved "https://registry.yarnpkg.com/jose/-/jose-4.13.1.tgz#449111bb5ab171db85c03f1bd2cb1647ca06db1c"
    integrity sha512-MSJQC5vXco5Br38mzaQKiq9mwt7lwj2eXpgpRyQYNHYt2lq1PjkWa7DLXX0WVcQLE9HhMh3jPiufS7fhJf+CLQ==
  
  "js-tokens@^3.0.0 || ^4.0.0", js-tokens@^4.0.0:
    version "4.0.0"
    resolved "https://registry.yarnpkg.com/js-tokens/-/js-tokens-4.0.0.tgz#19203fb59991df98e3a287050d4647cdeaf32499"
    integrity sha512-RdJUflcE3cUzKiMqQgsCu06FPu9UdIJO0beYbPhHN4k6apgJtifcoCtT9bcxOpYBtpD2kCM6Sbzg4CausW/PKQ==
  
  json-parse-even-better-errors@^2.3.0:
    version "2.3.1"
    resolved "https://registry.yarnpkg.com/json-parse-even-better-errors/-/json-parse-even-better-errors-2.3.1.tgz#7c47805a94319928e05777405dc12e1f7a4ee02d"
    integrity sha512-xyFwyhro/JEof6Ghe2iz2NcXoj2sloNsWr/XsERDK/oiPCfaNhl5ONfp+jQdAZRQQ0IJWNzH9zIZF7li91kh2w==
  
  kareem@2.5.1:
    version "2.5.1"
    resolved "https://registry.yarnpkg.com/kareem/-/kareem-2.5.1.tgz#7b8203e11819a8e77a34b3517d3ead206764d15d"
    integrity sha512-7jFxRVm+jD+rkq3kY0iZDJfsO2/t4BBPeEb2qKn2lR/9KhuksYk5hxzfRYWMPV8P/x2d0kHD306YyWLzjjH+uA==
  
  lines-and-columns@^1.1.6:
    version "1.2.4"
    resolved "https://registry.yarnpkg.com/lines-and-columns/-/lines-and-columns-1.2.4.tgz#eca284f75d2965079309dc0ad9255abb2ebc1632"
    integrity sha512-7ylylesZQ/PV29jhEDl3Ufjo6ZX7gCqJr5F7PKrqc93v7fzSymt1BpwEU8nAUXs8qzzvqhbjhK5QZg6Mt/HkBg==
  
  lodash.mergewith@4.6.2:
    version "4.6.2"
    resolved "https://registry.yarnpkg.com/lodash.mergewith/-/lodash.mergewith-4.6.2.tgz#617121f89ac55f59047c7aec1ccd6654c6590f55"
    integrity sha512-GK3g5RPZWTRSeLSpgP8Xhra+pnjBC56q9FZYe1d5RN3TJ35dbkGy3YqBSMbyCrlbi+CM9Z3Jk5yTL7RCsqboyQ==
  
  loose-envify@^1.0.0, loose-envify@^1.1.0, loose-envify@^1.4.0:
    version "1.4.0"
    resolved "https://registry.yarnpkg.com/loose-envify/-/loose-envify-1.4.0.tgz#71ee51fa7be4caec1a63839f7e682d8132d30caf"
    integrity sha512-lyuxPGr/Wfhrlem2CL/UcnUc1zcqKAImBDzukY7Y5F/yQiNdko6+fRLevlw1HgMySw7f611UIY408EtxRSoK3Q==
    dependencies:
      js-tokens "^3.0.0 || ^4.0.0"
  
  lru-cache@^6.0.0:
    version "6.0.0"
    resolved "https://registry.yarnpkg.com/lru-cache/-/lru-cache-6.0.0.tgz#6d6fe6570ebd96aaf90fcad1dafa3b2566db3a94"
    integrity sha512-Jo6dJ04CmSjuznwJSS3pUeWmd/H0ffTlkXXgwZi+eq1UCmqQwCh+eLsYOYCwY991i2Fah4h1BEMCx4qThGbsiA==
    dependencies:
      yallist "^4.0.0"
  
  memory-pager@^1.0.2:
    version "1.5.0"
    resolved "https://registry.yarnpkg.com/memory-pager/-/memory-pager-1.5.0.tgz#d8751655d22d384682741c972f2c3d6dfa3e66b5"
    integrity sha512-ZS4Bp4r/Zoeq6+NLJpP+0Zzm0pR8whtGPf1XExKLJBAczGMnSi3It14OiNCStjQjM6NU1okjQGSxgEZN8eBYKg==
  
  mime-db@1.52.0:
    version "1.52.0"
    resolved "https://registry.yarnpkg.com/mime-db/-/mime-db-1.52.0.tgz#bbabcdc02859f4987301c856e3387ce5ec43bf70"
    integrity sha512-sPU4uV7dYlvtWJxwwxHD0PuihVNiE7TyAbQ5SWxDCB9mUYvOgroQOwYQQOKPJ8CIbE+1ETVlOoK1UC2nU3gYvg==
  
  mime-types@^2.1.12:
    version "2.1.35"
    resolved "https://registry.yarnpkg.com/mime-types/-/mime-types-2.1.35.tgz#381a871b62a734450660ae3deee44813f70d959a"
    integrity sha512-ZDY+bPm5zTTF+YpCrAU9nK0UgICYPT0QtT1NZWFv4s++TNkcgVaT0g6+4R2uI4MjQjzysHB1zxuWL50hzaeXiw==
    dependencies:
      mime-db "1.52.0"
  
  mongodb-connection-string-url@^2.6.0:
    version "2.6.0"
    resolved "https://registry.yarnpkg.com/mongodb-connection-string-url/-/mongodb-connection-string-url-2.6.0.tgz#57901bf352372abdde812c81be47b75c6b2ec5cf"
    integrity sha512-WvTZlI9ab0QYtTYnuMLgobULWhokRjtC7db9LtcVfJ+Hsnyr5eo6ZtNAt3Ly24XZScGMelOcGtm7lSn0332tPQ==
    dependencies:
      "@types/whatwg-url" "^8.2.1"
      whatwg-url "^11.0.0"
  
  mongodb@5.1.0:
    version "5.1.0"
    resolved "https://registry.yarnpkg.com/mongodb/-/mongodb-5.1.0.tgz#e551f9e496777bde9173e51d16c163ab2c805b9d"
    integrity sha512-qgKb7y+EI90y4weY3z5+lIgm8wmexbonz0GalHkSElQXVKtRuwqXuhXKccyvIjXCJVy9qPV82zsinY0W1FBnJw==
    dependencies:
      bson "^5.0.1"
      mongodb-connection-string-url "^2.6.0"
      socks "^2.7.1"
    optionalDependencies:
      saslprep "^1.0.3"
  
  mongoose@^7.0.1:
    version "7.0.1"
    resolved "https://registry.yarnpkg.com/mongoose/-/mongoose-7.0.1.tgz#9afc737d10b3920c2c9b77ac5ac77fd6ff828d3d"
    integrity sha512-fxm2bPRG457Hb8RLwN8cMCokK8HNem/7g+qp5SrHC7Pt4Z4jqn1+/3cuc8W7uqehKDWEtpirggI7uw08x2ZIjQ==
    dependencies:
      bson "^5.0.1"
      kareem "2.5.1"
      mongodb "5.1.0"
      mpath "0.9.0"
      mquery "5.0.0"
      ms "2.1.3"
      sift "16.0.1"
  
  mpath@0.9.0:
    version "0.9.0"
    resolved "https://registry.yarnpkg.com/mpath/-/mpath-0.9.0.tgz#0c122fe107846e31fc58c75b09c35514b3871904"
    integrity sha512-ikJRQTk8hw5DEoFVxHG1Gn9T/xcjtdnOKIU1JTmGjZZlg9LST2mBLmcX3/ICIbgJydT2GOc15RnNy5mHmzfSew==
  
  mquery@5.0.0:
    version "5.0.0"
    resolved "https://registry.yarnpkg.com/mquery/-/mquery-5.0.0.tgz#a95be5dfc610b23862df34a47d3e5d60e110695d"
    integrity sha512-iQMncpmEK8R8ncT8HJGsGc9Dsp8xcgYMVSbs5jgnm1lFHTZqMJTUWTDx1LBO8+mK3tPNZWFLBghQEIOULSTHZg==
    dependencies:
      debug "4.x"
  
  ms@2.1.2:
    version "2.1.2"
    resolved "https://registry.yarnpkg.com/ms/-/ms-2.1.2.tgz#d09d1f357b443f493382a8eb3ccd183872ae6009"
    integrity sha512-sGkPx+VjMtmA6MX27oA4FBFELFCZZ4S4XqeGOXCv68tT+jb3vk/RyaKWP0PTKyWtmLSM0b+adUTEvbs1PEaH2w==
  
  ms@2.1.3:
    version "2.1.3"
    resolved "https://registry.yarnpkg.com/ms/-/ms-2.1.3.tgz#574c8138ce1d2b5861f0b44579dbadd60c6615b2"
    integrity sha512-6FlzubTLZG3J2a/NVCAleEhjzq5oxgHyaCU9yYXvcLsvoVaHJq/s5xXI6/XXP6tz7R9xAOtHnSO/tXtF3WRTlA==
  
  nanoid@^3.3.4:
    version "3.3.4"
    resolved "https://registry.yarnpkg.com/nanoid/-/nanoid-3.3.4.tgz#730b67e3cd09e2deacf03c027c81c9d9dbc5e8ab"
    integrity sha512-MqBkQh/OHTS2egovRtLk45wEyNXwF+cokD+1YPf9u5VfJiRdAiRwB2froX5Co9Rh20xs4siNPm8naNotSD6RBw==
  
  next-auth@^4.20.1:
    version "4.20.1"
    resolved "https://registry.yarnpkg.com/next-auth/-/next-auth-4.20.1.tgz#6e65c4fde14171f6ce64f05f672f80f39fc418c7"
    integrity sha512-ZcTUN4qzzZ/zJYgOW0hMXccpheWtAol8QOMdMts+LYRcsPGsqf2hEityyaKyECQVw1cWInb9dF3wYwI5GZdEmQ==
    dependencies:
      "@babel/runtime" "^7.20.13"
      "@panva/hkdf" "^1.0.2"
      cookie "^0.5.0"
      jose "^4.11.4"
      oauth "^0.9.15"
      openid-client "^5.4.0"
      preact "^10.6.3"
      preact-render-to-string "^5.1.19"
      uuid "^8.3.2"
  
  next@^13.2.4:
    version "13.2.4"
    resolved "https://registry.yarnpkg.com/next/-/next-13.2.4.tgz#2363330392b0f7da02ab41301f60857ffa7f67d6"
    integrity sha512-g1I30317cThkEpvzfXujf0O4wtaQHtDCLhlivwlTJ885Ld+eOgcz7r3TGQzeU+cSRoNHtD8tsJgzxVdYojFssw==
    dependencies:
      "@next/env" "13.2.4"
      "@swc/helpers" "0.4.14"
      caniuse-lite "^1.0.30001406"
      postcss "8.4.14"
      styled-jsx "5.1.1"
    optionalDependencies:
      "@next/swc-android-arm-eabi" "13.2.4"
      "@next/swc-android-arm64" "13.2.4"
      "@next/swc-darwin-arm64" "13.2.4"
      "@next/swc-darwin-x64" "13.2.4"
      "@next/swc-freebsd-x64" "13.2.4"
      "@next/swc-linux-arm-gnueabihf" "13.2.4"
      "@next/swc-linux-arm64-gnu" "13.2.4"
      "@next/swc-linux-arm64-musl" "13.2.4"
      "@next/swc-linux-x64-gnu" "13.2.4"
      "@next/swc-linux-x64-musl" "13.2.4"
      "@next/swc-win32-arm64-msvc" "13.2.4"
      "@next/swc-win32-ia32-msvc" "13.2.4"
      "@next/swc-win32-x64-msvc" "13.2.4"
  
  oauth@^0.9.15:
    version "0.9.15"
    resolved "https://registry.yarnpkg.com/oauth/-/oauth-0.9.15.tgz#bd1fefaf686c96b75475aed5196412ff60cfb9c1"
    integrity sha512-a5ERWK1kh38ExDEfoO6qUHJb32rd7aYmPHuyCu3Fta/cnICvYmgd2uhuKXvPD+PXB+gCEYYEaQdIRAjCOwAKNA==
  
  object-assign@^4.1.1:
    version "4.1.1"
    resolved "https://registry.yarnpkg.com/object-assign/-/object-assign-4.1.1.tgz#2109adc7965887cfc05cbbd442cac8bfbb360863"
    integrity sha512-rJgTQnkUnH1sFw8yT6VSU3zD3sWmu6sZhIseY8VX+GRu3P6F7Fu+JNDoXfklElbLJSnc3FUQHVe4cU5hj+BcUg==
  
  object-hash@^2.0.1:
    version "2.2.0"
    resolved "https://registry.yarnpkg.com/object-hash/-/object-hash-2.2.0.tgz#5ad518581eefc443bd763472b8ff2e9c2c0d54a5"
    integrity sha512-gScRMn0bS5fH+IuwyIFgnh9zBdo4DV+6GhygmWM9HyNJSgS0hScp1f5vjtm7oIIOiT9trXrShAkLFSc2IqKNgw==
  
  oidc-token-hash@^5.0.1:
    version "5.0.1"
    resolved "https://registry.yarnpkg.com/oidc-token-hash/-/oidc-token-hash-5.0.1.tgz#ae6beec3ec20f0fd885e5400d175191d6e2f10c6"
    integrity sha512-EvoOtz6FIEBzE+9q253HsLCVRiK/0doEJ2HCvvqMQb3dHZrP3WlJKYtJ55CRTw4jmYomzH4wkPuCj/I3ZvpKxQ==
  
  openid-client@^5.4.0:
    version "5.4.0"
    resolved "https://registry.yarnpkg.com/openid-client/-/openid-client-5.4.0.tgz#77f1cda14e2911446f16ea3f455fc7c405103eac"
    integrity sha512-hgJa2aQKcM2hn3eyVtN12tEA45ECjTJPXCgUh5YzTzy9qwapCvmDTVPWOcWVL0d34zeQoQ/hbG9lJhl3AYxJlQ==
    dependencies:
      jose "^4.10.0"
      lru-cache "^6.0.0"
      object-hash "^2.0.1"
      oidc-token-hash "^5.0.1"
  
  parent-module@^1.0.0:
    version "1.0.1"
    resolved "https://registry.yarnpkg.com/parent-module/-/parent-module-1.0.1.tgz#691d2709e78c79fae3a156622452d00762caaaa2"
    integrity sha512-GQ2EWRpQV8/o+Aw8YqtfZZPfNRWZYkbidE9k5rpl/hC3vtHHBfGm2Ifi6qWV+coDGkrUKZAxE3Lot5kcsRlh+g==
    dependencies:
      callsites "^3.0.0"
  
  parse-json@^5.0.0:
    version "5.2.0"
    resolved "https://registry.yarnpkg.com/parse-json/-/parse-json-5.2.0.tgz#c76fc66dee54231c962b22bcc8a72cf2f99753cd"
    integrity sha512-ayCKvm/phCGxOkYRSCM82iDwct8/EonSEgCSxWxD7ve6jHggsFl4fZVQBPRNgQoKiuV/odhFrGzQXZwbifC8Rg==
    dependencies:
      "@babel/code-frame" "^7.0.0"
      error-ex "^1.3.1"
      json-parse-even-better-errors "^2.3.0"
      lines-and-columns "^1.1.6"
  
  path-parse@^1.0.7:
    version "1.0.7"
    resolved "https://registry.yarnpkg.com/path-parse/-/path-parse-1.0.7.tgz#fbc114b60ca42b30d9daf5858e4bd68bbedb6735"
    integrity sha512-LDJzPVEEEPR+y48z93A0Ed0yXb8pAByGWo/k5YYdYgpY2/2EsOsksJrq7lOHxryrVOn1ejG6oAp8ahvOIQD8sw==
  
  path-type@^4.0.0:
    version "4.0.0"
    resolved "https://registry.yarnpkg.com/path-type/-/path-type-4.0.0.tgz#84ed01c0a7ba380afe09d90a8c180dcd9d03043b"
    integrity sha512-gDKb8aZMDeD/tZWs9P6+q0J9Mwkdl6xMV8TjnGP3qJVJ06bdMgkbBlLU8IdfOsIsFz2BW1rNVT3XuNEl8zPAvw==
  
  picocolors@^1.0.0:
    version "1.0.0"
    resolved "https://registry.yarnpkg.com/picocolors/-/picocolors-1.0.0.tgz#cb5bdc74ff3f51892236eaf79d68bc44564ab81c"
    integrity sha512-1fygroTLlHu66zi26VoTDv8yRgm0Fccecssto+MhsZ0D/DGW2sm8E8AjW7NU5VVTRt5GxbeZ5qBuJr+HyLYkjQ==
  
  postcss@8.4.14:
    version "8.4.14"
    resolved "https://registry.yarnpkg.com/postcss/-/postcss-8.4.14.tgz#ee9274d5622b4858c1007a74d76e42e56fd21caf"
    integrity sha512-E398TUmfAYFPBSdzgeieK2Y1+1cpdxJx8yXbK/m57nRhKSmk1GB2tO4lbLBtlkfPQTDKfe4Xqv1ASWPpayPEig==
    dependencies:
      nanoid "^3.3.4"
      picocolors "^1.0.0"
      source-map-js "^1.0.2"
  
  preact-render-to-string@^5.1.19:
    version "5.2.6"
    resolved "https://registry.yarnpkg.com/preact-render-to-string/-/preact-render-to-string-5.2.6.tgz#0ff0c86cd118d30affb825193f18e92bd59d0604"
    integrity sha512-JyhErpYOvBV1hEPwIxc/fHWXPfnEGdRKxc8gFdAZ7XV4tlzyzG847XAyEZqoDnynP88akM4eaHcSOzNcLWFguw==
    dependencies:
      pretty-format "^3.8.0"
  
  preact@^10.6.3:
    version "10.13.1"
    resolved "https://registry.yarnpkg.com/preact/-/preact-10.13.1.tgz#d220bd8771b8fa197680d4917f3cefc5eed88720"
    integrity sha512-KyoXVDU5OqTpG9LXlB3+y639JAGzl8JSBXLn1J9HTSB3gbKcuInga7bZnXLlxmK94ntTs1EFeZp0lrja2AuBYQ==
  
  pretty-format@^3.8.0:
    version "3.8.0"
    resolved "https://registry.yarnpkg.com/pretty-format/-/pretty-format-3.8.0.tgz#bfbed56d5e9a776645f4b1ff7aa1a3ac4fa3c385"
    integrity sha512-WuxUnVtlWL1OfZFQFuqvnvs6MiAGk9UNsBostyBOB0Is9wb5uRESevA6rnl/rkksXaGX3GzZhPup5d6Vp1nFew==
  
  prop-types@^15.6.2:
    version "15.8.1"
    resolved "https://registry.yarnpkg.com/prop-types/-/prop-types-15.8.1.tgz#67d87bf1a694f48435cf332c24af10214a3140b5"
    integrity sha512-oj87CgZICdulUohogVAR7AjlC0327U4el4L6eAvOqCeudMDVU0NThNaV+b9Df4dXgSP1gXMTnPdhfe/2qDH5cg==
    dependencies:
      loose-envify "^1.4.0"
      object-assign "^4.1.1"
      react-is "^16.13.1"
  
  proxy-from-env@^1.1.0:
    version "1.1.0"
    resolved "https://registry.yarnpkg.com/proxy-from-env/-/proxy-from-env-1.1.0.tgz#e102f16ca355424865755d2c9e8ea4f24d58c3e2"
    integrity sha512-D+zkORCbA9f1tdWRK0RaCR3GPv50cMxcrz4X8k5LTSUD1Dkw47mKJEZQNunItRTkWwgtaUSo1RVFRIG9ZXiFYg==
  
  punycode@^2.1.1:
    version "2.3.0"
    resolved "https://registry.yarnpkg.com/punycode/-/punycode-2.3.0.tgz#f67fa67c94da8f4d0cfff981aee4118064199b8f"
    integrity sha512-rRV+zQD8tVFys26lAGR9WUuS4iUAngJScM+ZRSKtvl5tKeZ2t5bvdNFdNHBW9FWR4guGHlgmsZ1G7BSm2wTbuA==
  
  react-clientside-effect@^1.2.6:
    version "1.2.6"
    resolved "https://registry.yarnpkg.com/react-clientside-effect/-/react-clientside-effect-1.2.6.tgz#29f9b14e944a376b03fb650eed2a754dd128ea3a"
    integrity sha512-XGGGRQAKY+q25Lz9a/4EPqom7WRjz3z9R2k4jhVKA/puQFH/5Nt27vFZYql4m4NVNdUvX8PS3O7r/Zzm7cjUlg==
    dependencies:
      "@babel/runtime" "^7.12.13"
  
  react-dom@^18.2.0:
    version "18.2.0"
    resolved "https://registry.yarnpkg.com/react-dom/-/react-dom-18.2.0.tgz#22aaf38708db2674ed9ada224ca4aa708d821e3d"
    integrity sha512-6IMTriUmvsjHUjNtEDudZfuDQUoWXVxKHhlEGSk81n4YFS+r/Kl99wXiwlVXtPBtJenozv2P+hxDsw9eA7Xo6g==
    dependencies:
      loose-envify "^1.1.0"
      scheduler "^0.23.0"
  
  react-fast-compare@3.2.0:
    version "3.2.0"
    resolved "https://registry.yarnpkg.com/react-fast-compare/-/react-fast-compare-3.2.0.tgz#641a9da81b6a6320f270e89724fb45a0b39e43bb"
    integrity sha512-rtGImPZ0YyLrscKI9xTpV8psd6I8VAtjKCzQDlzyDvqJA8XOW78TXYQwNRNd8g8JZnDu8q9Fu/1v4HPAVwVdHA==
  
  react-focus-lock@^2.9.2:
    version "2.9.4"
    resolved "https://registry.yarnpkg.com/react-focus-lock/-/react-focus-lock-2.9.4.tgz#4753f6dcd167c39050c9d84f9c63c71b3ff8462e"
    integrity sha512-7pEdXyMseqm3kVjhdVH18sovparAzLg5h6WvIx7/Ck3ekjhrrDMEegHSa3swwC8wgfdd7DIdUVRGeiHT9/7Sgg==
    dependencies:
      "@babel/runtime" "^7.0.0"
      focus-lock "^0.11.6"
      prop-types "^15.6.2"
      react-clientside-effect "^1.2.6"
      use-callback-ref "^1.3.0"
      use-sidecar "^1.1.2"
  
  react-is@^16.13.1, react-is@^16.7.0:
    version "16.13.1"
    resolved "https://registry.yarnpkg.com/react-is/-/react-is-16.13.1.tgz#789729a4dc36de2999dc156dd6c1d9c18cea56a4"
    integrity sha512-24e6ynE2H+OKt4kqsOvNd8kBpV65zoxbA4BVsEOB3ARVWQki/DHzaUoC5KuON/BiccDaCCTZBuOcfZs70kR8bQ==
  
  react-remove-scroll-bar@^2.3.3:
    version "2.3.4"
    resolved "https://registry.yarnpkg.com/react-remove-scroll-bar/-/react-remove-scroll-bar-2.3.4.tgz#53e272d7a5cb8242990c7f144c44d8bd8ab5afd9"
    integrity sha512-63C4YQBUt0m6ALadE9XV56hV8BgJWDmmTPY758iIJjfQKt2nYwoUrPk0LXRXcB/yIj82T1/Ixfdpdk68LwIB0A==
    dependencies:
      react-style-singleton "^2.2.1"
      tslib "^2.0.0"
  
  react-remove-scroll@^2.5.5:
    version "2.5.5"
    resolved "https://registry.yarnpkg.com/react-remove-scroll/-/react-remove-scroll-2.5.5.tgz#1e31a1260df08887a8a0e46d09271b52b3a37e77"
    integrity sha512-ImKhrzJJsyXJfBZ4bzu8Bwpka14c/fQt0k+cyFp/PBhTfyDnU5hjOtM4AG/0AMyy8oKzOTR0lDgJIM7pYXI0kw==
    dependencies:
      react-remove-scroll-bar "^2.3.3"
      react-style-singleton "^2.2.1"
      tslib "^2.1.0"
      use-callback-ref "^1.3.0"
      use-sidecar "^1.1.2"
  
  react-style-singleton@^2.2.1:
    version "2.2.1"
    resolved "https://registry.yarnpkg.com/react-style-singleton/-/react-style-singleton-2.2.1.tgz#f99e420492b2d8f34d38308ff660b60d0b1205b4"
    integrity sha512-ZWj0fHEMyWkHzKYUr2Bs/4zU6XLmq9HsgBURm7g5pAVfyn49DgUiNgY2d4lXRlYSiCif9YBGpQleewkcqddc7g==
    dependencies:
      get-nonce "^1.0.0"
      invariant "^2.2.4"
      tslib "^2.0.0"
  
  react@^18.2.0:
    version "18.2.0"
    resolved "https://registry.yarnpkg.com/react/-/react-18.2.0.tgz#555bd98592883255fa00de14f1151a917b5d77d5"
    integrity sha512-/3IjMdb2L9QbBdWiW5e3P2/npwMBaU9mHCSCUzNln0ZCYbcfTsGbTJrU/kGemdH2IWmB2ioZ+zkxtmq6g09fGQ==
    dependencies:
      loose-envify "^1.1.0"
  
  regenerator-runtime@^0.13.11:
    version "0.13.11"
    resolved "https://registry.yarnpkg.com/regenerator-runtime/-/regenerator-runtime-0.13.11.tgz#f6dca3e7ceec20590d07ada785636a90cdca17f9"
    integrity sha512-kY1AZVr2Ra+t+piVaJ4gxaFaReZVH40AKNo7UCX6W+dEwBo/2oZJzqfuN1qLq1oL45o56cPaTXELwrTh8Fpggg==
  
  resolve-from@^4.0.0:
    version "4.0.0"
    resolved "https://registry.yarnpkg.com/resolve-from/-/resolve-from-4.0.0.tgz#4abcd852ad32dd7baabfe9b40e00a36db5f392e6"
    integrity sha512-pb/MYmXstAkysRFx8piNI1tGFNQIFA3vkE3Gq4EuA1dF6gHp/+vgZqsCGJapvy8N3Q+4o7FwvquPJcnZ7RYy4g==
  
  resolve@^1.19.0:
    version "1.22.1"
    resolved "https://registry.yarnpkg.com/resolve/-/resolve-1.22.1.tgz#27cb2ebb53f91abb49470a928bba7558066ac177"
    integrity sha512-nBpuuYuY5jFsli/JIs1oldw6fOQCBioohqWZg/2hiaOybXOft4lonv85uDOKXdf8rhyK159cxU5cDcK/NKk8zw==
    dependencies:
      is-core-module "^2.9.0"
      path-parse "^1.0.7"
      supports-preserve-symlinks-flag "^1.0.0"
  
  saslprep@^1.0.3:
    version "1.0.3"
    resolved "https://registry.yarnpkg.com/saslprep/-/saslprep-1.0.3.tgz#4c02f946b56cf54297e347ba1093e7acac4cf226"
    integrity sha512-/MY/PEMbk2SuY5sScONwhUDsV2p77Znkb/q3nSVstq/yQzYJOH/Azh29p9oJLsl3LnQwSvZDKagDGBsBwSooag==
    dependencies:
      sparse-bitfield "^3.0.3"
  
  scheduler@^0.23.0:
    version "0.23.0"
    resolved "https://registry.yarnpkg.com/scheduler/-/scheduler-0.23.0.tgz#ba8041afc3d30eb206a487b6b384002e4e61fdfe"
    integrity sha512-CtuThmgHNg7zIZWAXi3AsyIzA3n4xx7aNyjwC2VJldO2LMVDhFK+63xGqq6CsJH4rTAt6/M+N4GhZiDYPx9eUw==
    dependencies:
      loose-envify "^1.1.0"
  
  sift@16.0.1:
    version "16.0.1"
    resolved "https://registry.yarnpkg.com/sift/-/sift-16.0.1.tgz#e9c2ccc72191585008cf3e36fc447b2d2633a053"
    integrity sha512-Wv6BjQ5zbhW7VFefWusVP33T/EM0vYikCaQ2qR8yULbsilAT8/wQaXvuQ3ptGLpoKx+lihJE3y2UTgKDyyNHZQ==
  
  smart-buffer@^4.2.0:
    version "4.2.0"
    resolved "https://registry.yarnpkg.com/smart-buffer/-/smart-buffer-4.2.0.tgz#6e1d71fa4f18c05f7d0ff216dd16a481d0e8d9ae"
    integrity sha512-94hK0Hh8rPqQl2xXc3HsaBoOXKV20MToPkcXvwbISWLEs+64sBq5kFgn2kJDHb1Pry9yrP0dxrCI9RRci7RXKg==
  
  socks@^2.7.1:
    version "2.7.1"
    resolved "https://registry.yarnpkg.com/socks/-/socks-2.7.1.tgz#d8e651247178fde79c0663043e07240196857d55"
    integrity sha512-7maUZy1N7uo6+WVEX6psASxtNlKaNVMlGQKkG/63nEDdLOWNbiUMoLK7X4uYoLhQstau72mLgfEWcXcwsaHbYQ==
    dependencies:
      ip "^2.0.0"
      smart-buffer "^4.2.0"
  
  source-map-js@^1.0.2:
    version "1.0.2"
    resolved "https://registry.yarnpkg.com/source-map-js/-/source-map-js-1.0.2.tgz#adbc361d9c62df380125e7f161f71c826f1e490c"
    integrity sha512-R0XvVJ9WusLiqTCEiGCmICCMplcCkIwwR11mOSD9CR5u+IXYdiseeEuXCVAjS54zqwkLcPNnmU4OeJ6tUrWhDw==
  
  source-map@^0.5.7:
    version "0.5.7"
    resolved "https://registry.yarnpkg.com/source-map/-/source-map-0.5.7.tgz#8a039d2d1021d22d1ea14c80d8ea468ba2ef3fcc"
    integrity sha512-LbrmJOMUSdEVxIKvdcJzQC+nQhe8FUZQTXQy6+I75skNgn3OoQ0DZA8YnFa7gp8tqtL3KPf1kmo0R5DoApeSGQ==
  
  sparse-bitfield@^3.0.3:
    version "3.0.3"
    resolved "https://registry.yarnpkg.com/sparse-bitfield/-/sparse-bitfield-3.0.3.tgz#ff4ae6e68656056ba4b3e792ab3334d38273ca11"
    integrity sha512-kvzhi7vqKTfkh0PZU+2D2PIllw2ymqJKujUcyPMd9Y75Nv4nPbGJZXNhxsgdQab2BmlDct1YnfQCguEvHr7VsQ==
    dependencies:
      memory-pager "^1.0.2"
  
  styled-jsx@5.1.1:
    version "5.1.1"
    resolved "https://registry.yarnpkg.com/styled-jsx/-/styled-jsx-5.1.1.tgz#839a1c3aaacc4e735fed0781b8619ea5d0009d1f"
    integrity sha512-pW7uC1l4mBZ8ugbiZrcIsiIvVx1UmTfw7UkC3Um2tmfUq9Bhk8IiyEIPl6F8agHgjzku6j0xQEZbfA5uSgSaCw==
    dependencies:
      client-only "0.0.1"
  
  stylis@4.1.3:
    version "4.1.3"
    resolved "https://registry.yarnpkg.com/stylis/-/stylis-4.1.3.tgz#fd2fbe79f5fed17c55269e16ed8da14c84d069f7"
    integrity sha512-GP6WDNWf+o403jrEp9c5jibKavrtLW+/qYGhFxFrG8maXhwTBI7gLLhiBb0o7uFccWN+EOS9aMO6cGHWAO07OA==
  
  supports-color@^5.3.0:
    version "5.5.0"
    resolved "https://registry.yarnpkg.com/supports-color/-/supports-color-5.5.0.tgz#e2e69a44ac8772f78a1ec0b35b689df6530efc8f"
    integrity sha512-QjVjwdXIt408MIiAqCX4oUKsgU2EqAGzs2Ppkm4aQYbjm+ZEWEcW4SfFNTr4uMNZma0ey4f5lgLrkB0aX0QMow==
    dependencies:
      has-flag "^3.0.0"
  
  supports-preserve-symlinks-flag@^1.0.0:
    version "1.0.0"
    resolved "https://registry.yarnpkg.com/supports-preserve-symlinks-flag/-/supports-preserve-symlinks-flag-1.0.0.tgz#6eda4bd344a3c94aea376d4cc31bc77311039e09"
    integrity sha512-ot0WnXS9fgdkgIcePe6RHNk1WA8+muPa6cSjeR3V8K27q9BB1rTE3R1p7Hv0z1ZyAc8s6Vvv8DIyWf681MAt0w==
  
  tiny-invariant@^1.0.6:
    version "1.3.1"
    resolved "https://registry.yarnpkg.com/tiny-invariant/-/tiny-invariant-1.3.1.tgz#8560808c916ef02ecfd55e66090df23a4b7aa642"
    integrity sha512-AD5ih2NlSssTCwsMznbvwMZpJ1cbhkGd2uueNxzv2jDlEeZdU04JQfRnggJQ8DrcVBGjAsCKwFBbDlVNtEMlzw==
  
  to-fast-properties@^2.0.0:
    version "2.0.0"
    resolved "https://registry.yarnpkg.com/to-fast-properties/-/to-fast-properties-2.0.0.tgz#dc5e698cbd079265bc73e0377681a4e4e83f616e"
    integrity sha512-/OaKK0xYrs3DmxRYqL/yDc+FxFUVYhDlXMhRmv3z915w2HF1tnN1omB354j8VUGO/hbRzyD6Y3sA7v7GS/ceog==
  
  toggle-selection@^1.0.6:
    version "1.0.6"
    resolved "https://registry.yarnpkg.com/toggle-selection/-/toggle-selection-1.0.6.tgz#6e45b1263f2017fa0acc7d89d78b15b8bf77da32"
    integrity sha512-BiZS+C1OS8g/q2RRbJmy59xpyghNBqrr6k5L/uKBGRsTfxmu3ffiRnd8mlGPUVayg8pvfi5urfnu8TU7DVOkLQ==
  
  tr46@^3.0.0:
    version "3.0.0"
    resolved "https://registry.yarnpkg.com/tr46/-/tr46-3.0.0.tgz#555c4e297a950617e8eeddef633c87d4d9d6cbf9"
    integrity sha512-l7FvfAHlcmulp8kr+flpQZmVwtu7nfRV7NZujtN0OqES8EL4O4e0qqzL0DC5gAvx/ZC/9lk6rhcUwYvkBnBnYA==
    dependencies:
      punycode "^2.1.1"
  
  tslib@2.4.0:
    version "2.4.0"
    resolved "https://registry.yarnpkg.com/tslib/-/tslib-2.4.0.tgz#7cecaa7f073ce680a05847aa77be941098f36dc3"
    integrity sha512-d6xOpEDfsi2CZVlPQzGeux8XMwLT9hssAsaPYExaQMuYskwb+x1x7J371tWlbBdWHroy99KnVB6qIkUbs5X3UQ==
  
  tslib@^2.0.0, tslib@^2.0.3, tslib@^2.1.0, tslib@^2.4.0:
    version "2.5.0"
    resolved "https://registry.yarnpkg.com/tslib/-/tslib-2.5.0.tgz#42bfed86f5787aeb41d031866c8f402429e0fddf"
    integrity sha512-336iVw3rtn2BUK7ORdIAHTyxHGRIHVReokCR3XjbckJMK7ms8FysBfhLR8IXnAgy7T0PTPNBWKiH514FOW/WSg==
  
  typescript@^4.9.5:
    version "4.9.5"
    resolved "https://registry.yarnpkg.com/typescript/-/typescript-4.9.5.tgz#095979f9bcc0d09da324d58d03ce8f8374cbe65a"
    integrity sha512-1FXk9E2Hm+QzZQ7z+McJiHL4NW1F2EzMu9Nq9i3zAaGqibafqYwCVU6WyWAuyQRRzOlxou8xZSyXLEN8oKj24g==
  
  use-callback-ref@^1.3.0:
    version "1.3.0"
    resolved "https://registry.yarnpkg.com/use-callback-ref/-/use-callback-ref-1.3.0.tgz#772199899b9c9a50526fedc4993fc7fa1f7e32d5"
    integrity sha512-3FT9PRuRdbB9HfXhEq35u4oZkvpJ5kuYbpqhCfmiZyReuRgpnhDlbr2ZEnnuS0RrJAPn6l23xjFg9kpDM+Ms7w==
    dependencies:
      tslib "^2.0.0"
  
  use-sidecar@^1.1.2:
    version "1.1.2"
    resolved "https://registry.yarnpkg.com/use-sidecar/-/use-sidecar-1.1.2.tgz#2f43126ba2d7d7e117aa5855e5d8f0276dfe73c2"
    integrity sha512-epTbsLuzZ7lPClpz2TyryBfztm7m+28DlEv2ZCQ3MDr5ssiwyOwGH/e5F9CkfWjJ1t4clvI58yF822/GUkjjhw==
    dependencies:
      detect-node-es "^1.1.0"
      tslib "^2.0.0"
  
  uuid@^8.3.2:
    version "8.3.2"
    resolved "https://registry.yarnpkg.com/uuid/-/uuid-8.3.2.tgz#80d5b5ced271bb9af6c445f21a1a04c606cefbe2"
    integrity sha512-+NYs2QeMWy+GWFOEm9xnn6HCDp0l7QBD7ml8zLUmJ+93Q5NF0NocErnwkTkXVFNiX3/fpC6afS8Dhb/gz7R7eg==
  
  uuid@^9.0.0:
    version "9.0.0"
    resolved "https://registry.yarnpkg.com/uuid/-/uuid-9.0.0.tgz#592f550650024a38ceb0c562f2f6aa435761efb5"
    integrity sha512-MXcSTerfPa4uqyzStbRoTgt5XIe3x5+42+q1sDuy3R5MDk66URdLMOZe5aPX/SQd+kuYAh0FdP/pO28IkQyTeg==
  
  webidl-conversions@^7.0.0:
    version "7.0.0"
    resolved "https://registry.yarnpkg.com/webidl-conversions/-/webidl-conversions-7.0.0.tgz#256b4e1882be7debbf01d05f0aa2039778ea080a"
    integrity sha512-VwddBukDzu71offAQR975unBIGqfKZpM+8ZX6ySk8nYhVoo5CYaZyzt3YBvYtRtO+aoGlqxPg/B87NGVZ/fu6g==
  
  whatwg-url@^11.0.0:
    version "11.0.0"
    resolved "https://registry.yarnpkg.com/whatwg-url/-/whatwg-url-11.0.0.tgz#0a849eebb5faf2119b901bb76fd795c2848d4018"
    integrity sha512-RKT8HExMpoYx4igMiVMY83lN6UeITKJlBQ+vR/8ZJ8OCdSiN3RwCq+9gH0+Xzj0+5IrM6i4j/6LuvzbZIQgEcQ==
    dependencies:
      tr46 "^3.0.0"
      webidl-conversions "^7.0.0"
  
  ws@8.5.0:
    version "8.5.0"
    resolved "https://registry.yarnpkg.com/ws/-/ws-8.5.0.tgz#bfb4be96600757fe5382de12c670dab984a1ed4f"
    integrity sha512-BWX0SWVgLPzYwF8lTzEy1egjhS4S4OEAHfsO8o65WOVsrnSRGaSiUaa9e0ggGlkMTtBlmOpEXiie9RUcBO86qg==
  
  yallist@^4.0.0:
    version "4.0.0"
    resolved "https://registry.yarnpkg.com/yallist/-/yallist-4.0.0.tgz#9bb92790d9c0effec63be73519e11a35019a3a72"
    integrity sha512-3wdGidZyq5PB084XLES5TpOSRA3wjXAlIWMhum2kRcv/41Sn2emQ0dycQW4uZXLejwKvg6EsvbdlVL+FYEct7A==
  
  yaml@^1.10.0:
    version "1.10.2"
    resolved "https://registry.yarnpkg.com/yaml/-/yaml-1.10.2.tgz#2301c5ffbf12b467de8da2333a459e29e7920e4b"
    integrity sha512-r3vXyErRCYJ7wg28yvBY5VSoAF8ZvlcW9/BwUzEtUsjvX/DKs24dIkuwjtuprwJJHsbyUbLApepYTR1BN4uHrg==
